#
# There is insufficient memory for the Java Runtime Environment to continue.
# Native memory allocation (malloc) failed to allocate 1287856 bytes for Chunk::new
# Possible reasons:
#   The system is out of physical RAM or swap space
#   The process is running with CompressedOops enabled, and the Java Heap may be blocking the growth of the native heap
# Possible solutions:
#   Reduce memory load on the system
#   Increase physical memory or swap space
#   Check if swap backing store is full
#   Decrease Java heap size (-Xmx/-Xms)
#   Decrease number of Java threads
#   Decrease Java thread stack sizes (-Xss)
#   Set larger code cache with -XX:ReservedCodeCacheSize=
#   JVM is running with Unscaled Compressed Oops mode in which the Java heap is
#     placed in the first 4GB address space. The Java Heap base address is the
#     maximum limit for the native heap growth. Please use -XX:HeapBaseMinAddress
#     to set the Java Heap base and to place the Java Heap above 4GB virtual address.
# This output file may be truncated or incomplete.
#
#  Out of Memory Error (./src/hotspot/share/memory/arena.cpp:197), pid=13796, tid=17312
#
# JRE version: OpenJDK Runtime Environment (11.0.11+9) (build 11.0.11+9-b60-7590822)
# Java VM: OpenJDK 64-Bit Server VM (11.0.11+9-b60-7590822, mixed mode, tiered, compressed oops, g1 gc, windows-amd64)
# No core dump will be written. Minidumps are not enabled by default on client versions of Windows
#

---------------  S U M M A R Y ------------

Command Line: --add-opens=java.base/java.util=ALL-UNNAMED --add-opens=java.base/java.lang=ALL-UNNAMED --add-opens=java.base/java.lang.invoke=ALL-UNNAMED --add-opens=java.base/java.util=ALL-UNNAMED --add-opens=java.prefs/java.util.prefs=ALL-UNNAMED --add-opens=java.prefs/java.util.prefs=ALL-UNNAMED --add-opens=java.base/java.nio.charset=ALL-UNNAMED --add-opens=java.base/java.net=ALL-UNNAMED --add-opens=java.base/java.util.concurrent.atomic=ALL-UNNAMED -Xmx2048m -Dfile.encoding=UTF-8 -Duser.country=US -Duser.language=en -Duser.variant org.gradle.launcher.daemon.bootstrap.GradleDaemon 7.2

Host: Intel(R) Core(TM) i7-7700HQ CPU @ 2.80GHz, 8 cores, 15G,  Windows 10 , 64 bit Build 19041 (10.0.19041.1466)
Time: Tue Apr 26 00:51:02 2022 SE Asia Standard Time elapsed time: 1243.547803 seconds (0d 0h 20m 43s)

---------------  T H R E A D  ---------------

Current thread (0x0000027371686800):  JavaThread "C2 CompilerThread1" daemon [_thread_in_native, id=17312, stack(0x000000af13b00000,0x000000af13c00000)]


Current CompileTask:
C2:1243547 20192       4       org.gradle.internal.snapshot.AbstractListChildMap::store (72 bytes)

Stack: [0x000000af13b00000,0x000000af13c00000]
Native frames: (J=compiled Java code, j=interpreted, Vv=VM code, C=native code)
V  [jvm.dll+0x5f214a]
V  [jvm.dll+0x726fb5]
V  [jvm.dll+0x7285cd]
V  [jvm.dll+0x728c83]
V  [jvm.dll+0x243278]
V  [jvm.dll+0xbc53c]
V  [jvm.dll+0xbca3c]
V  [jvm.dll+0x353e7d]
V  [jvm.dll+0x19895c]
V  [jvm.dll+0x1fc2ee]
V  [jvm.dll+0x1fb3d4]
V  [jvm.dll+0x183d6c]
V  [jvm.dll+0x209a57]
V  [jvm.dll+0x2082a1]
V  [jvm.dll+0x6ef58f]
V  [jvm.dll+0x6e80b5]
V  [jvm.dll+0x5f1036]
C  [ucrtbase.dll+0x21bb2]
C  [KERNEL32.DLL+0x17034]
C  [ntdll.dll+0x52651]


---------------  P R O C E S S  ---------------

Threads class SMR info:
_java_thread_list=0x00000273781413d0, length=145, elements={
0x0000027353324000, 0x000002736ffa2800, 0x000002736ffa5800, 0x0000027370009800,
0x000002737000b000, 0x000002737000d000, 0x0000027370016800, 0x000002737001b000,
0x0000027370023800, 0x0000027370021000, 0x000002737001f000, 0x0000027370025800,
0x000002737001f800, 0x000002737262d800, 0x0000027372628000, 0x000002737262f800,
0x000002737262d000, 0x000002737262a800, 0x000002737262c000, 0x0000027372633800,
0x000002737262e800, 0x00000273753de800, 0x00000273753e5000, 0x00000273732e6800,
0x00000273732f0000, 0x00000273732ee800, 0x00000273732ef800, 0x00000273732f1800,
0x00000273732f1000, 0x0000027377eb6000, 0x0000027375609800, 0x000002737560d000,
0x000002737560c000, 0x000002737560f800, 0x000002737b525000, 0x000002737b51f000,
0x000002737b520800, 0x000002737b525800, 0x000002737b520000, 0x000002737b524000,
0x000002737b526800, 0x000002737b527000, 0x000002737b528000, 0x000002737b529000,
0x000002737b523000, 0x000002737b52d000, 0x000002737b52a800, 0x000002737b52b800,
0x000002737b52e000, 0x000002737560b800, 0x000002737560d800, 0x000002737560e800,
0x000002737560a800, 0x0000027375609000, 0x0000027375615000, 0x0000027375612800,
0x0000027375611000, 0x0000027375610000, 0x0000027375616800, 0x0000027375612000,
0x0000027375617800, 0x0000027375613800, 0x0000027375616000, 0x0000027375614800,
0x00000273753e1000, 0x00000273753e1800, 0x00000273753e2800, 0x00000273753df000,
0x00000273753e5800, 0x00000273753e0000, 0x00000273753ec000, 0x00000273753e6800,
0x00000273753e9000, 0x00000273753e8000, 0x00000273753ea800, 0x00000273753eb800,
0x00000273753ea000, 0x00000273753ed000, 0x00000273753e7800, 0x00000273732e5800,
0x00000273732e7000, 0x00000273732ed000, 0x00000273732e8000, 0x00000273732e9000,
0x00000273732e9800, 0x00000273732ea800, 0x00000273732ed800, 0x00000273732eb000,
0x00000273732ec000, 0x00000273732f3800, 0x00000273732f4000, 0x0000027377eb4800,
0x0000027377eb6800, 0x0000027377eb2800, 0x0000027377eb5000, 0x0000027377eb7800,
0x0000027377eb8800, 0x0000027377eb3800, 0x0000027377eb9000, 0x0000027372629800,
0x0000027372627000, 0x0000027372629000, 0x0000027372630000, 0x0000027372631000,
0x000002737262b000, 0x0000027372632000, 0x0000027370024800, 0x0000027370023000,
0x0000027370020800, 0x0000027370022000, 0x00000273739e4000, 0x00000273739e3800,
0x00000273739e5000, 0x00000273739e5800, 0x00000273739e0000, 0x00000273739e1800,
0x00000273739e6800, 0x00000273739e1000, 0x00000273739e7800, 0x00000273739e2800,
0x00000273739ec800, 0x00000273739ed000, 0x00000273739ea800, 0x00000273739eb800,
0x00000273739ee000, 0x00000273739e8000, 0x00000273739ee800, 0x00000273739e9000,
0x000002737167c800, 0x000002737167e800, 0x000002737167f000, 0x0000027371680000,
0x0000027371680800, 0x0000027371681800, 0x0000027371682800, 0x0000027371683000,
0x0000027371689000, 0x0000027371684000, 0x0000027371689800, 0x0000027371688000,
0x0000027371686800, 0x000002737168a800, 0x0000027371685800, 0x0000027371685000,
0x000002737168b800
}

Java Threads: ( => current thread )
  0x0000027353324000 JavaThread "main" [_thread_blocked, id=16712, stack(0x000000af11400000,0x000000af11500000)]
  0x000002736ffa2800 JavaThread "Reference Handler" daemon [_thread_blocked, id=25212, stack(0x000000af11b00000,0x000000af11c00000)]
  0x000002736ffa5800 JavaThread "Finalizer" daemon [_thread_blocked, id=23476, stack(0x000000af11c00000,0x000000af11d00000)]
  0x0000027370009800 JavaThread "Signal Dispatcher" daemon [_thread_blocked, id=23264, stack(0x000000af11d00000,0x000000af11e00000)]
  0x000002737000b000 JavaThread "Attach Listener" daemon [_thread_blocked, id=23448, stack(0x000000af11e00000,0x000000af11f00000)]
  0x000002737000d000 JavaThread "Service Thread" daemon [_thread_blocked, id=10676, stack(0x000000af11f00000,0x000000af12000000)]
  0x0000027370016800 JavaThread "C2 CompilerThread0" daemon [_thread_blocked, id=16784, stack(0x000000af12000000,0x000000af12100000)]
  0x000002737001b000 JavaThread "C1 CompilerThread0" daemon [_thread_blocked, id=21932, stack(0x000000af12100000,0x000000af12200000)]
  0x0000027370023800 JavaThread "Sweeper thread" daemon [_thread_blocked, id=4220, stack(0x000000af12200000,0x000000af12300000)]
  0x0000027370021000 JavaThread "Common-Cleaner" daemon [_thread_blocked, id=22464, stack(0x000000af12300000,0x000000af12400000)]
  0x000002737001f000 JavaThread "Daemon health stats" [_thread_blocked, id=1444, stack(0x000000af12c00000,0x000000af12d00000)]
  0x0000027370025800 JavaThread "Incoming local TCP Connector on port 52130" [_thread_in_native, id=24028, stack(0x000000af12500000,0x000000af12600000)]
  0x000002737001f800 JavaThread "Daemon periodic checks" [_thread_blocked, id=15316, stack(0x000000af12600000,0x000000af12700000)]
  0x000002737262d800 JavaThread "Cache worker for journal cache (C:\Users\ASUS\.gradle\caches\journal-1)" [_thread_blocked, id=19948, stack(0x000000af13400000,0x000000af13500000)]
  0x0000027372628000 JavaThread "File lock request listener" [_thread_in_native, id=8156, stack(0x000000af13500000,0x000000af13600000)]
  0x000002737262f800 JavaThread "Cache worker for file hash cache (C:\Users\ASUS\.gradle\caches\7.2\fileHashes)" [_thread_blocked, id=2284, stack(0x000000af13600000,0x000000af13700000)]
  0x000002737262d000 JavaThread "File watcher server" daemon [_thread_in_native, id=25496, stack(0x000000af13c00000,0x000000af13d00000)]
  0x000002737262a800 JavaThread "File watcher consumer" daemon [_thread_blocked, id=18472, stack(0x000000af13d00000,0x000000af13e00000)]
  0x000002737262c000 JavaThread "Cache worker for execution history cache (C:\Users\ASUS\.gradle\caches\7.2\executionHistory)" [_thread_blocked, id=18464, stack(0x000000af14200000,0x000000af14300000)]
  0x0000027372633800 JavaThread "jar transforms" [_thread_blocked, id=24360, stack(0x000000af14300000,0x000000af14400000)]
  0x000002737262e800 JavaThread "Cache worker for file content cache (C:\Users\ASUS\.gradle\caches\7.2\fileContent)" [_thread_blocked, id=17500, stack(0x000000af14400000,0x000000af14500000)]
  0x00000273753de800 JavaThread "jar transforms Thread 2" [_thread_blocked, id=10492, stack(0x000000af14500000,0x000000af14600000)]
  0x00000273753e5000 JavaThread "jar transforms Thread 3" [_thread_blocked, id=25428, stack(0x000000af14700000,0x000000af14800000)]
  0x00000273732e6800 JavaThread "jar transforms Thread 4" [_thread_blocked, id=8576, stack(0x000000af19900000,0x000000af19a00000)]
  0x00000273732f0000 JavaThread "jar transforms Thread 5" [_thread_blocked, id=952, stack(0x000000af19a00000,0x000000af19b00000)]
  0x00000273732ee800 JavaThread "jar transforms Thread 6" [_thread_blocked, id=14892, stack(0x000000af19b00000,0x000000af19c00000)]
  0x00000273732ef800 JavaThread "jar transforms Thread 7" [_thread_blocked, id=21784, stack(0x000000af19c00000,0x000000af19d00000)]
  0x00000273732f1800 JavaThread "jar transforms Thread 8" [_thread_blocked, id=4628, stack(0x000000af19d00000,0x000000af19e00000)]
  0x00000273732f1000 JavaThread "Memory manager" [_thread_blocked, id=4312, stack(0x000000af19f00000,0x000000af1a000000)]
  0x0000027377eb6000 JavaThread "RMI Scheduler(0)" daemon [_thread_blocked, id=5460, stack(0x000000af14100000,0x000000af14200000)]
  0x0000027375609800 JavaThread "RMI GC Daemon" daemon [_thread_blocked, id=21816, stack(0x000000af1ab00000,0x000000af1ac00000)]
  0x000002737560d000 JavaThread "RMI TCP Accept-0" daemon [_thread_in_native, id=18232, stack(0x000000af1ac00000,0x000000af1ad00000)]
  0x000002737560c000 JavaThread "RMI Reaper" [_thread_blocked, id=14004, stack(0x000000af1ad00000,0x000000af1ae00000)]
  0x000002737560f800 JavaThread "Cache worker for Java compile cache (C:\Users\ASUS\.gradle\caches\7.2\javaCompile)" [_thread_blocked, id=17028, stack(0x000000af1b300000,0x000000af1b400000)]
  0x000002737b525000 JavaThread "ForkJoinPool.commonPool-worker-5" daemon [_thread_blocked, id=2696, stack(0x000000af1ae00000,0x000000af1af00000)]
  0x000002737b51f000 JavaThread "Daemon Thread 3" [_thread_blocked, id=25240, stack(0x000000af11100000,0x000000af11200000)]
  0x000002737b520800 JavaThread "Handler for socket connection from /127.0.0.1:52130 to /127.0.0.1:52290" [_thread_in_native, id=23708, stack(0x000000af11200000,0x000000af11300000)]
  0x000002737b525800 JavaThread "Cancel handler" [_thread_blocked, id=23960, stack(0x000000af11300000,0x000000af11400000)]
  0x000002737b520000 JavaThread "Daemon worker Thread 3" [_thread_blocked, id=25464, stack(0x000000af12d00000,0x000000af12e00000)]
  0x000002737b524000 JavaThread "Asynchronous log dispatcher for DefaultDaemonConnection: socket connection from /127.0.0.1:52130 to /127.0.0.1:52290" [_thread_blocked, id=21452, stack(0x000000af12e00000,0x000000af12f00000)]
  0x000002737b526800 JavaThread "Stdin handler" [_thread_blocked, id=25180, stack(0x000000af12f00000,0x000000af13000000)]
  0x000002737b527000 JavaThread "Daemon client event forwarder" [_thread_blocked, id=25308, stack(0x000000af13000000,0x000000af13100000)]
  0x000002737b528000 JavaThread "Cache worker for file hash cache (D:\AZIZ\ANDROID\_Bangkit 2022\Android Intermediate\Subs 2\AmjadStoryApp\.gradle\7.2\fileHashes)" [_thread_blocked, id=14672, stack(0x000000af13100000,0x000000af13200000)]
  0x000002737b529000 JavaThread "Cache worker for checksums cache (D:\AZIZ\ANDROID\_Bangkit 2022\Android Intermediate\Subs 2\AmjadStoryApp\.gradle\checksums)" [_thread_blocked, id=16696, stack(0x000000af13200000,0x000000af13300000)]
  0x000002737b523000 JavaThread "Cache worker for cache directory md-supplier (C:\Users\ASUS\.gradle\caches\7.2\md-supplier)" [_thread_blocked, id=5616, stack(0x000000af13300000,0x000000af13400000)]
  0x000002737b52d000 JavaThread "Cache worker for cache directory md-rule (C:\Users\ASUS\.gradle\caches\7.2\md-rule)" [_thread_blocked, id=6752, stack(0x000000af13a00000,0x000000af13b00000)]
  0x000002737b52a800 JavaThread "Cache worker for dependencies-accessors (D:\AZIZ\ANDROID\_Bangkit 2022\Android Intermediate\Subs 2\AmjadStoryApp\.gradle\7.2\dependencies-accessors)" [_thread_blocked, id=20924, stack(0x000000af13e00000,0x000000af13f00000)]
  0x000002737b52b800 JavaThread "Cache worker for Build Output Cleanup Cache (D:\AZIZ\ANDROID\_Bangkit 2022\Android Intermediate\Subs 2\AmjadStoryApp\.gradle\buildOutputCleanup)" [_thread_blocked, id=13432, stack(0x000000af13f00000,0x000000af14000000)]
  0x000002737b52e000 JavaThread "Unconstrained build operations" [_thread_blocked, id=24860, stack(0x000000af14600000,0x000000af14700000)]
  0x000002737560b800 JavaThread "Unconstrained build operations Thread 2" [_thread_blocked, id=24364, stack(0x000000af14800000,0x000000af14900000)]
  0x000002737560d800 JavaThread "Unconstrained build operations Thread 3" [_thread_blocked, id=24088, stack(0x000000af14900000,0x000000af14a00000)]
  0x000002737560e800 JavaThread "Unconstrained build operations Thread 4" [_thread_blocked, id=13560, stack(0x000000af14a00000,0x000000af14b00000)]
  0x000002737560a800 JavaThread "Unconstrained build operations Thread 5" [_thread_blocked, id=4736, stack(0x000000af14b00000,0x000000af14c00000)]
  0x0000027375609000 JavaThread "Unconstrained build operations Thread 6" [_thread_blocked, id=17308, stack(0x000000af14c00000,0x000000af14d00000)]
  0x0000027375615000 JavaThread "Unconstrained build operations Thread 7" [_thread_blocked, id=3272, stack(0x000000af14d00000,0x000000af14e00000)]
  0x0000027375612800 JavaThread "Unconstrained build operations Thread 8" [_thread_blocked, id=9280, stack(0x000000af14e00000,0x000000af14f00000)]
  0x0000027375611000 JavaThread "Unconstrained build operations Thread 9" [_thread_blocked, id=24068, stack(0x000000af14f00000,0x000000af15000000)]
  0x0000027375610000 JavaThread "Unconstrained build operations Thread 10" [_thread_blocked, id=23876, stack(0x000000af15000000,0x000000af15100000)]
  0x0000027375616800 JavaThread "Unconstrained build operations Thread 11" [_thread_blocked, id=5772, stack(0x000000af15100000,0x000000af15200000)]
  0x0000027375612000 JavaThread "Unconstrained build operations Thread 12" [_thread_blocked, id=5220, stack(0x000000af15200000,0x000000af15300000)]
  0x0000027375617800 JavaThread "Unconstrained build operations Thread 13" [_thread_blocked, id=20532, stack(0x000000af15300000,0x000000af15400000)]
  0x0000027375613800 JavaThread "Unconstrained build operations Thread 14" [_thread_blocked, id=2468, stack(0x000000af15400000,0x000000af15500000)]
  0x0000027375616000 JavaThread "Unconstrained build operations Thread 15" [_thread_blocked, id=18672, stack(0x000000af15500000,0x000000af15600000)]
  0x0000027375614800 JavaThread "Unconstrained build operations Thread 16" [_thread_blocked, id=23776, stack(0x000000af15600000,0x000000af15700000)]
  0x00000273753e1000 JavaThread "Unconstrained build operations Thread 17" [_thread_blocked, id=17148, stack(0x000000af15700000,0x000000af15800000)]
  0x00000273753e1800 JavaThread "Unconstrained build operations Thread 18" [_thread_blocked, id=20664, stack(0x000000af15800000,0x000000af15900000)]
  0x00000273753e2800 JavaThread "Unconstrained build operations Thread 19" [_thread_blocked, id=148, stack(0x000000af15900000,0x000000af15a00000)]
  0x00000273753df000 JavaThread "Unconstrained build operations Thread 20" [_thread_blocked, id=7556, stack(0x000000af15a00000,0x000000af15b00000)]
  0x00000273753e5800 JavaThread "Unconstrained build operations Thread 21" [_thread_blocked, id=22388, stack(0x000000af15b00000,0x000000af15c00000)]
  0x00000273753e0000 JavaThread "Unconstrained build operations Thread 22" [_thread_blocked, id=21128, stack(0x000000af15c00000,0x000000af15d00000)]
  0x00000273753ec000 JavaThread "Unconstrained build operations Thread 23" [_thread_blocked, id=9028, stack(0x000000af15d00000,0x000000af15e00000)]
  0x00000273753e6800 JavaThread "Unconstrained build operations Thread 24" [_thread_blocked, id=24408, stack(0x000000af15e00000,0x000000af15f00000)]
  0x00000273753e9000 JavaThread "Unconstrained build operations Thread 25" [_thread_blocked, id=23160, stack(0x000000af15f00000,0x000000af16000000)]
  0x00000273753e8000 JavaThread "Unconstrained build operations Thread 26" [_thread_blocked, id=24416, stack(0x000000af16000000,0x000000af16100000)]
  0x00000273753ea800 JavaThread "Unconstrained build operations Thread 27" [_thread_blocked, id=18348, stack(0x000000af16100000,0x000000af16200000)]
  0x00000273753eb800 JavaThread "Unconstrained build operations Thread 28" [_thread_blocked, id=20872, stack(0x000000af16200000,0x000000af16300000)]
  0x00000273753ea000 JavaThread "Unconstrained build operations Thread 29" [_thread_blocked, id=7328, stack(0x000000af16300000,0x000000af16400000)]
  0x00000273753ed000 JavaThread "Unconstrained build operations Thread 30" [_thread_blocked, id=2508, stack(0x000000af16400000,0x000000af16500000)]
  0x00000273753e7800 JavaThread "Unconstrained build operations Thread 31" [_thread_blocked, id=7352, stack(0x000000af16500000,0x000000af16600000)]
  0x00000273732e5800 JavaThread "Unconstrained build operations Thread 32" [_thread_blocked, id=11336, stack(0x000000af16600000,0x000000af16700000)]
  0x00000273732e7000 JavaThread "Unconstrained build operations Thread 33" [_thread_blocked, id=2344, stack(0x000000af16700000,0x000000af16800000)]
  0x00000273732ed000 JavaThread "Unconstrained build operations Thread 34" [_thread_blocked, id=15648, stack(0x000000af16800000,0x000000af16900000)]
  0x00000273732e8000 JavaThread "Unconstrained build operations Thread 35" [_thread_blocked, id=4372, stack(0x000000af16900000,0x000000af16a00000)]
  0x00000273732e9000 JavaThread "Unconstrained build operations Thread 36" [_thread_blocked, id=5564, stack(0x000000af16a00000,0x000000af16b00000)]
  0x00000273732e9800 JavaThread "Unconstrained build operations Thread 37" [_thread_blocked, id=21820, stack(0x000000af16b00000,0x000000af16c00000)]
  0x00000273732ea800 JavaThread "Unconstrained build operations Thread 38" [_thread_blocked, id=6268, stack(0x000000af16c00000,0x000000af16d00000)]
  0x00000273732ed800 JavaThread "Unconstrained build operations Thread 39" [_thread_blocked, id=22500, stack(0x000000af16d00000,0x000000af16e00000)]
  0x00000273732eb000 JavaThread "Unconstrained build operations Thread 40" [_thread_blocked, id=23508, stack(0x000000af16e00000,0x000000af16f00000)]
  0x00000273732ec000 JavaThread "Unconstrained build operations Thread 41" [_thread_blocked, id=6232, stack(0x000000af16f00000,0x000000af17000000)]
  0x00000273732f3800 JavaThread "Unconstrained build operations Thread 42" [_thread_blocked, id=15556, stack(0x000000af17000000,0x000000af17100000)]
  0x00000273732f4000 JavaThread "Unconstrained build operations Thread 43" [_thread_blocked, id=16116, stack(0x000000af17100000,0x000000af17200000)]
  0x0000027377eb4800 JavaThread "Unconstrained build operations Thread 44" [_thread_blocked, id=20012, stack(0x000000af17200000,0x000000af17300000)]
  0x0000027377eb6800 JavaThread "Unconstrained build operations Thread 45" [_thread_blocked, id=22116, stack(0x000000af17300000,0x000000af17400000)]
  0x0000027377eb2800 JavaThread "Unconstrained build operations Thread 46" [_thread_blocked, id=24404, stack(0x000000af17400000,0x000000af17500000)]
  0x0000027377eb5000 JavaThread "Unconstrained build operations Thread 47" [_thread_blocked, id=2324, stack(0x000000af17500000,0x000000af17600000)]
  0x0000027377eb7800 JavaThread "Unconstrained build operations Thread 48" [_thread_blocked, id=6688, stack(0x000000af17600000,0x000000af17700000)]
  0x0000027377eb8800 JavaThread "Unconstrained build operations Thread 49" [_thread_blocked, id=14520, stack(0x000000af17700000,0x000000af17800000)]
  0x0000027377eb3800 JavaThread "Unconstrained build operations Thread 50" [_thread_blocked, id=20200, stack(0x000000af17800000,0x000000af17900000)]
  0x0000027377eb9000 JavaThread "Unconstrained build operations Thread 51" [_thread_blocked, id=16680, stack(0x000000af17900000,0x000000af17a00000)]
  0x0000027372629800 JavaThread "Unconstrained build operations Thread 52" [_thread_blocked, id=25040, stack(0x000000af17a00000,0x000000af17b00000)]
  0x0000027372627000 JavaThread "Unconstrained build operations Thread 53" [_thread_blocked, id=2536, stack(0x000000af17b00000,0x000000af17c00000)]
  0x0000027372629000 JavaThread "Unconstrained build operations Thread 54" [_thread_blocked, id=2584, stack(0x000000af17c00000,0x000000af17d00000)]
  0x0000027372630000 JavaThread "Unconstrained build operations Thread 55" [_thread_blocked, id=24472, stack(0x000000af17d00000,0x000000af17e00000)]
  0x0000027372631000 JavaThread "Unconstrained build operations Thread 56" [_thread_blocked, id=24796, stack(0x000000af17e00000,0x000000af17f00000)]
  0x000002737262b000 JavaThread "Unconstrained build operations Thread 57" [_thread_blocked, id=16924, stack(0x000000af17f00000,0x000000af18000000)]
  0x0000027372632000 JavaThread "Unconstrained build operations Thread 58" [_thread_blocked, id=24304, stack(0x000000af18000000,0x000000af18100000)]
  0x0000027370024800 JavaThread "Unconstrained build operations Thread 59" [_thread_blocked, id=17284, stack(0x000000af18100000,0x000000af18200000)]
  0x0000027370023000 JavaThread "Unconstrained build operations Thread 60" [_thread_blocked, id=13556, stack(0x000000af18200000,0x000000af18300000)]
  0x0000027370020800 JavaThread "Unconstrained build operations Thread 61" [_thread_blocked, id=4788, stack(0x000000af18300000,0x000000af18400000)]
  0x0000027370022000 JavaThread "Unconstrained build operations Thread 62" [_thread_blocked, id=24392, stack(0x000000af18400000,0x000000af18500000)]
  0x00000273739e4000 JavaThread "Unconstrained build operations Thread 63" [_thread_blocked, id=15376, stack(0x000000af18500000,0x000000af18600000)]
  0x00000273739e3800 JavaThread "Unconstrained build operations Thread 64" [_thread_blocked, id=9320, stack(0x000000af18600000,0x000000af18700000)]
  0x00000273739e5000 JavaThread "Unconstrained build operations Thread 65" [_thread_blocked, id=22276, stack(0x000000af18700000,0x000000af18800000)]
  0x00000273739e5800 JavaThread "Unconstrained build operations Thread 66" [_thread_blocked, id=14212, stack(0x000000af18800000,0x000000af18900000)]
  0x00000273739e0000 JavaThread "Unconstrained build operations Thread 67" [_thread_blocked, id=5164, stack(0x000000af18900000,0x000000af18a00000)]
  0x00000273739e1800 JavaThread "Unconstrained build operations Thread 68" [_thread_blocked, id=8408, stack(0x000000af18a00000,0x000000af18b00000)]
  0x00000273739e6800 JavaThread "Unconstrained build operations Thread 69" [_thread_blocked, id=21544, stack(0x000000af18b00000,0x000000af18c00000)]
  0x00000273739e1000 JavaThread "Unconstrained build operations Thread 70" [_thread_blocked, id=19312, stack(0x000000af18c00000,0x000000af18d00000)]
  0x00000273739e7800 JavaThread "Unconstrained build operations Thread 71" [_thread_blocked, id=18876, stack(0x000000af18d00000,0x000000af18e00000)]
  0x00000273739e2800 JavaThread "Unconstrained build operations Thread 72" [_thread_blocked, id=23092, stack(0x000000af18e00000,0x000000af18f00000)]
  0x00000273739ec800 JavaThread "Unconstrained build operations Thread 73" [_thread_blocked, id=15160, stack(0x000000af18f00000,0x000000af19000000)]
  0x00000273739ed000 JavaThread "Unconstrained build operations Thread 74" [_thread_blocked, id=16308, stack(0x000000af19000000,0x000000af19100000)]
  0x00000273739ea800 JavaThread "Unconstrained build operations Thread 75" [_thread_blocked, id=6028, stack(0x000000af19100000,0x000000af19200000)]
  0x00000273739eb800 JavaThread "Unconstrained build operations Thread 76" [_thread_blocked, id=22992, stack(0x000000af19200000,0x000000af19300000)]
  0x00000273739ee000 JavaThread "Unconstrained build operations Thread 77" [_thread_blocked, id=19688, stack(0x000000af19300000,0x000000af19400000)]
  0x00000273739e8000 JavaThread "Unconstrained build operations Thread 78" [_thread_blocked, id=5600, stack(0x000000af19400000,0x000000af19500000)]
  0x00000273739ee800 JavaThread "Unconstrained build operations Thread 79" [_thread_blocked, id=9472, stack(0x000000af19500000,0x000000af19600000)]
  0x00000273739e9000 JavaThread "Unconstrained build operations Thread 80" [_thread_blocked, id=13568, stack(0x000000af19600000,0x000000af19700000)]
  0x000002737167c800 JavaThread "build event listener" [_thread_blocked, id=2160, stack(0x000000af19700000,0x000000af19800000)]
  0x000002737167e800 JavaThread "Execution worker for ':'" [_thread_blocked, id=16964, stack(0x000000af19800000,0x000000af19900000)]
  0x000002737167f000 JavaThread "Execution worker for ':' Thread 2" [_thread_blocked, id=21172, stack(0x000000af1a000000,0x000000af1a100000)]
  0x0000027371680000 JavaThread "Execution worker for ':' Thread 3" [_thread_blocked, id=10912, stack(0x000000af1a100000,0x000000af1a200000)]
  0x0000027371680800 JavaThread "Execution worker for ':' Thread 4" [_thread_blocked, id=9560, stack(0x000000af1a200000,0x000000af1a300000)]
  0x0000027371681800 JavaThread "Execution worker for ':' Thread 5" [_thread_blocked, id=18784, stack(0x000000af1a300000,0x000000af1a400000)]
  0x0000027371682800 JavaThread "Execution worker for ':' Thread 6" [_thread_blocked, id=6004, stack(0x000000af1a400000,0x000000af1a500000)]
  0x0000027371683000 JavaThread "Execution worker for ':' Thread 7" [_thread_blocked, id=14440, stack(0x000000af1a500000,0x000000af1a600000)]
  0x0000027371689000 JavaThread "Cache worker for execution history cache (D:\AZIZ\ANDROID\_Bangkit 2022\Android Intermediate\Subs 2\AmjadStoryApp\.gradle\7.2\executionHistory)" [_thread_blocked, id=22424, stack(0x000000af1a600000,0x000000af1a700000)]
  0x0000027371684000 JavaThread "WorkerExecutor Queue" [_thread_in_native, id=14056, stack(0x000000af1a700000,0x000000af1a800000)]
  0x0000027371689800 JavaThread "RMI RenewClean-[127.0.0.1:17561,org.jetbrains.kotlin.daemon.common.LoopbackNetworkInterface$ClientLoopbackSocketFactory@35f083b1]" daemon [_thread_blocked, id=18812, stack(0x000000af1a800000,0x000000af1a900000)]
  0x0000027371688000 JavaThread "RMI TCP Connection(17)-127.0.0.1" daemon [_thread_in_native, id=18456, stack(0x000000af1a900000,0x000000af1aa00000)]
=>0x0000027371686800 JavaThread "C2 CompilerThread1" daemon [_thread_in_native, id=17312, stack(0x000000af13b00000,0x000000af13c00000)]
  0x000002737168a800 JavaThread "C2 CompilerThread2" daemon [_thread_in_native, id=11964, stack(0x000000af14000000,0x000000af14100000)]
  0x0000027371685800 JavaThread "WorkerExecutor Queue Thread 2" [_thread_blocked, id=15840, stack(0x000000af1aa00000,0x000000af1ab00000)]
  0x0000027371685000 JavaThread "RMI RenewClean-[127.0.0.1:17561,org.jetbrains.kotlin.daemon.common.LoopbackNetworkInterface$ClientLoopbackSocketFactory@3baf42a2]" daemon [_thread_blocked, id=5552, stack(0x000000af1af00000,0x000000af1b000000)]
  0x000002737168b800 JavaThread "RMI TCP Connection(18)-127.0.0.1" daemon [_thread_in_native, id=24276, stack(0x000000af1b000000,0x000000af1b100000)]

Other Threads:
  0x000002736ffa0800 VMThread "VM Thread" [stack: 0x000000af11a00000,0x000000af11b00000] [id=19436]
  0x0000027370196800 WatcherThread [stack: 0x000000af12400000,0x000000af12500000] [id=14216]
  0x0000027353337000 GCTaskThread "GC Thread#0" [stack: 0x000000af11500000,0x000000af11600000] [id=11568]
  0x0000027370b7e000 GCTaskThread "GC Thread#1" [stack: 0x000000af12700000,0x000000af12800000] [id=7900]
  0x0000027370f71800 GCTaskThread "GC Thread#2" [stack: 0x000000af12800000,0x000000af12900000] [id=8256]
  0x0000027370f72800 GCTaskThread "GC Thread#3" [stack: 0x000000af12900000,0x000000af12a00000] [id=14528]
  0x000002737110b000 GCTaskThread "GC Thread#4" [stack: 0x000000af12a00000,0x000000af12b00000] [id=20044]
  0x00000273711a7800 GCTaskThread "GC Thread#5" [stack: 0x000000af12b00000,0x000000af12c00000] [id=19860]
  0x0000027371c4e800 GCTaskThread "GC Thread#6" [stack: 0x000000af13700000,0x000000af13800000] [id=21288]
  0x00000273725ef800 GCTaskThread "GC Thread#7" [stack: 0x000000af13800000,0x000000af13900000] [id=25148]
  0x000002735336a800 ConcurrentGCThread "G1 Main Marker" [stack: 0x000000af11600000,0x000000af11700000] [id=22176]
  0x000002735336b800 ConcurrentGCThread "G1 Conc#0" [stack: 0x000000af11700000,0x000000af11800000] [id=20920]
  0x0000027370f9b800 ConcurrentGCThread "G1 Conc#1" [stack: 0x000000af13900000,0x000000af13a00000] [id=18212]
  0x00000273533fe000 ConcurrentGCThread "G1 Refine#0" [stack: 0x000000af11800000,0x000000af11900000] [id=12476]
  0x0000027375c95000 ConcurrentGCThread "G1 Refine#1" [stack: 0x000000af19e00000,0x000000af19f00000] [id=12012]
  0x000002736f5ec800 ConcurrentGCThread "G1 Young RemSet Sampling" [stack: 0x000000af11900000,0x000000af11a00000] [id=20908]

Threads with active compile tasks:
C2 CompilerThread11243568 20192       4       org.gradle.internal.snapshot.AbstractListChildMap::store (72 bytes)
C2 CompilerThread21243568 20208   !   4       com.google.common.cache.LocalCache$Segment::storeLoadedValue (371 bytes)

VM state:not at safepoint (normal execution)

VM Mutex/Monitor currently owned by a thread: None

Heap address: 0x0000000080000000, size: 2048 MB, Compressed Oops mode: 32-bit
Narrow klass base: 0x0000000000000000, Narrow klass shift: 3
Compressed class space size: 1073741824 Address: 0x0000000100000000

Heap:
 garbage-first heap   total 262144K, used 180202K [0x0000000080000000, 0x0000000100000000)
  region size 1024K, 55 young (56320K), 1 survivors (1024K)
 Metaspace       used 117426K, capacity 121004K, committed 121308K, reserved 1155072K
  class space    used 15128K, capacity 16511K, committed 16740K, reserved 1048576K
Heap Regions: E=young(eden), S=young(survivor), O=old, HS=humongous(starts), HC=humongous(continues), CS=collection set, F=free, A=archive, TAMS=top-at-mark-start (previous, next)
|   0|0x0000000080000000, 0x0000000080100000, 0x0000000080100000|100%| O|  |TAMS 0x0000000080100000, 0x0000000080000000| Untracked 
|   1|0x0000000080100000, 0x0000000080200000, 0x0000000080200000|100%| O|  |TAMS 0x0000000080200000, 0x0000000080100000| Untracked 
|   2|0x0000000080200000, 0x0000000080300000, 0x0000000080300000|100%| O|  |TAMS 0x0000000080300000, 0x0000000080200000| Untracked 
|   3|0x0000000080300000, 0x0000000080400000, 0x0000000080400000|100%|HS|  |TAMS 0x0000000080400000, 0x0000000080300000| Complete 
|   4|0x0000000080400000, 0x0000000080500000, 0x0000000080500000|100%|HC|  |TAMS 0x0000000080500000, 0x0000000080400000| Complete 
|   5|0x0000000080500000, 0x0000000080600000, 0x0000000080600000|100%|HC|  |TAMS 0x0000000080600000, 0x0000000080500000| Complete 
|   6|0x0000000080600000, 0x0000000080700000, 0x0000000080700000|100%| O|  |TAMS 0x0000000080700000, 0x0000000080600000| Untracked 
|   7|0x0000000080700000, 0x0000000080800000, 0x0000000080800000|100%| O|  |TAMS 0x0000000080800000, 0x0000000080700000| Untracked 
|   8|0x0000000080800000, 0x0000000080900000, 0x0000000080900000|100%| O|  |TAMS 0x0000000080900000, 0x0000000080800000| Untracked 
|   9|0x0000000080900000, 0x0000000080a00000, 0x0000000080a00000|100%| O|  |TAMS 0x0000000080a00000, 0x0000000080900000| Untracked 
|  10|0x0000000080a00000, 0x0000000080b00000, 0x0000000080b00000|100%| O|  |TAMS 0x0000000080b00000, 0x0000000080a00000| Untracked 
|  11|0x0000000080b00000, 0x0000000080c00000, 0x0000000080c00000|100%| O|  |TAMS 0x0000000080c00000, 0x0000000080b00000| Untracked 
|  12|0x0000000080c00000, 0x0000000080d00000, 0x0000000080d00000|100%| O|  |TAMS 0x0000000080d00000, 0x0000000080c00000| Untracked 
|  13|0x0000000080d00000, 0x0000000080e00000, 0x0000000080e00000|100%| O|  |TAMS 0x0000000080e00000, 0x0000000080d00000| Untracked 
|  14|0x0000000080e00000, 0x0000000080f00000, 0x0000000080f00000|100%| O|  |TAMS 0x0000000080f00000, 0x0000000080e00000| Untracked 
|  15|0x0000000080f00000, 0x0000000081000000, 0x0000000081000000|100%| O|  |TAMS 0x0000000081000000, 0x0000000080f00000| Untracked 
|  16|0x0000000081000000, 0x0000000081100000, 0x0000000081100000|100%| O|  |TAMS 0x0000000081100000, 0x0000000081000000| Untracked 
|  17|0x0000000081100000, 0x0000000081200000, 0x0000000081200000|100%|HS|  |TAMS 0x0000000081200000, 0x0000000081100000| Complete 
|  18|0x0000000081200000, 0x0000000081300000, 0x0000000081300000|100%|HS|  |TAMS 0x0000000081300000, 0x0000000081200000| Complete 
|  19|0x0000000081300000, 0x0000000081400000, 0x0000000081400000|100%|HS|  |TAMS 0x0000000081400000, 0x0000000081300000| Complete 
|  20|0x0000000081400000, 0x0000000081500000, 0x0000000081500000|100%|HS|  |TAMS 0x0000000081500000, 0x0000000081400000| Complete 
|  21|0x0000000081500000, 0x0000000081600000, 0x0000000081600000|100%|HS|  |TAMS 0x0000000081600000, 0x0000000081500000| Complete 
|  22|0x0000000081600000, 0x0000000081700000, 0x0000000081700000|100%|HC|  |TAMS 0x0000000081700000, 0x0000000081600000| Complete 
|  23|0x0000000081700000, 0x0000000081800000, 0x0000000081800000|100%|HC|  |TAMS 0x0000000081800000, 0x0000000081700000| Complete 
|  24|0x0000000081800000, 0x0000000081900000, 0x0000000081900000|100%|HS|  |TAMS 0x0000000081900000, 0x0000000081800000| Complete 
|  25|0x0000000081900000, 0x0000000081a00000, 0x0000000081a00000|100%|HC|  |TAMS 0x0000000081a00000, 0x0000000081900000| Complete 
|  26|0x0000000081a00000, 0x0000000081b00000, 0x0000000081b00000|100%| O|  |TAMS 0x0000000081b00000, 0x0000000081a00000| Untracked 
|  27|0x0000000081b00000, 0x0000000081c00000, 0x0000000081c00000|100%| O|  |TAMS 0x0000000081c00000, 0x0000000081b00000| Untracked 
|  28|0x0000000081c00000, 0x0000000081d00000, 0x0000000081d00000|100%| O|  |TAMS 0x0000000081d00000, 0x0000000081c00000| Untracked 
|  29|0x0000000081d00000, 0x0000000081e00000, 0x0000000081e00000|100%| O|  |TAMS 0x0000000081e00000, 0x0000000081d00000| Untracked 
|  30|0x0000000081e00000, 0x0000000081f00000, 0x0000000081f00000|100%| O|  |TAMS 0x0000000081f00000, 0x0000000081e00000| Untracked 
|  31|0x0000000081f00000, 0x0000000082000000, 0x0000000082000000|100%| O|  |TAMS 0x0000000081f00000, 0x0000000081f00000| Untracked 
|  32|0x0000000082000000, 0x0000000082100000, 0x0000000082100000|100%| O|  |TAMS 0x0000000082100000, 0x0000000082000000| Untracked 
|  33|0x0000000082100000, 0x0000000082200000, 0x0000000082200000|100%| O|  |TAMS 0x0000000082200000, 0x0000000082100000| Untracked 
|  34|0x0000000082200000, 0x0000000082300000, 0x0000000082300000|100%| O|  |TAMS 0x0000000082300000, 0x0000000082200000| Untracked 
|  35|0x0000000082300000, 0x0000000082400000, 0x0000000082400000|100%| O|  |TAMS 0x0000000082400000, 0x0000000082300000| Untracked 
|  36|0x0000000082400000, 0x0000000082500000, 0x0000000082500000|100%| O|  |TAMS 0x0000000082500000, 0x0000000082400000| Untracked 
|  37|0x0000000082500000, 0x0000000082600000, 0x0000000082600000|100%| O|  |TAMS 0x0000000082600000, 0x0000000082500000| Untracked 
|  38|0x0000000082600000, 0x0000000082700000, 0x0000000082700000|100%| O|  |TAMS 0x0000000082700000, 0x0000000082600000| Untracked 
|  39|0x0000000082700000, 0x0000000082800000, 0x0000000082800000|100%| O|  |TAMS 0x0000000082800000, 0x0000000082700000| Untracked 
|  40|0x0000000082800000, 0x0000000082900000, 0x0000000082900000|100%| O|  |TAMS 0x0000000082900000, 0x0000000082800000| Untracked 
|  41|0x0000000082900000, 0x0000000082a00000, 0x0000000082a00000|100%| O|  |TAMS 0x0000000082a00000, 0x0000000082900000| Untracked 
|  42|0x0000000082a00000, 0x0000000082b00000, 0x0000000082b00000|100%| O|  |TAMS 0x0000000082b00000, 0x0000000082a00000| Untracked 
|  43|0x0000000082b00000, 0x0000000082c00000, 0x0000000082c00000|100%| O|  |TAMS 0x0000000082c00000, 0x0000000082b00000| Untracked 
|  44|0x0000000082c00000, 0x0000000082d00000, 0x0000000082d00000|100%| O|  |TAMS 0x0000000082d00000, 0x0000000082c00000| Untracked 
|  45|0x0000000082d00000, 0x0000000082e00000, 0x0000000082e00000|100%| O|  |TAMS 0x0000000082e00000, 0x0000000082d00000| Untracked 
|  46|0x0000000082e00000, 0x0000000082f00000, 0x0000000082f00000|100%| O|  |TAMS 0x0000000082f00000, 0x0000000082e00000| Untracked 
|  47|0x0000000082f00000, 0x0000000083000000, 0x0000000083000000|100%| O|  |TAMS 0x0000000083000000, 0x0000000082f00000| Untracked 
|  48|0x0000000083000000, 0x0000000083100000, 0x0000000083100000|100%| O|  |TAMS 0x0000000083100000, 0x0000000083000000| Untracked 
|  49|0x0000000083100000, 0x0000000083100000, 0x0000000083200000|  0%| F|  |TAMS 0x0000000083100000, 0x0000000083100000| Untracked 
|  50|0x0000000083200000, 0x0000000083300000, 0x0000000083300000|100%| O|  |TAMS 0x0000000083300000, 0x0000000083200000| Untracked 
|  51|0x0000000083300000, 0x0000000083400000, 0x0000000083400000|100%| O|  |TAMS 0x0000000083400000, 0x0000000083300000| Untracked 
|  52|0x0000000083400000, 0x0000000083500000, 0x0000000083500000|100%| O|  |TAMS 0x0000000083500000, 0x0000000083400000| Untracked 
|  53|0x0000000083500000, 0x0000000083600000, 0x0000000083600000|100%| O|  |TAMS 0x0000000083600000, 0x0000000083500000| Untracked 
|  54|0x0000000083600000, 0x0000000083700000, 0x0000000083700000|100%| O|  |TAMS 0x0000000083700000, 0x0000000083600000| Untracked 
|  55|0x0000000083700000, 0x0000000083800000, 0x0000000083800000|100%| O|  |TAMS 0x0000000083800000, 0x0000000083700000| Untracked 
|  56|0x0000000083800000, 0x0000000083900000, 0x0000000083900000|100%| O|  |TAMS 0x0000000083900000, 0x0000000083800000| Untracked 
|  57|0x0000000083900000, 0x0000000083a00000, 0x0000000083a00000|100%| O|  |TAMS 0x0000000083a00000, 0x0000000083900000| Untracked 
|  58|0x0000000083a00000, 0x0000000083b00000, 0x0000000083b00000|100%| O|  |TAMS 0x0000000083b00000, 0x0000000083a00000| Untracked 
|  59|0x0000000083b00000, 0x0000000083c00000, 0x0000000083c00000|100%| O|  |TAMS 0x0000000083c00000, 0x0000000083b00000| Untracked 
|  60|0x0000000083c00000, 0x0000000083d00000, 0x0000000083d00000|100%| O|  |TAMS 0x0000000083d00000, 0x0000000083c00000| Untracked 
|  61|0x0000000083d00000, 0x0000000083e00000, 0x0000000083e00000|100%| O|  |TAMS 0x0000000083e00000, 0x0000000083d00000| Untracked 
|  62|0x0000000083e00000, 0x0000000083f00000, 0x0000000083f00000|100%| O|  |TAMS 0x0000000083f00000, 0x0000000083e00000| Untracked 
|  63|0x0000000083f00000, 0x0000000084000000, 0x0000000084000000|100%| O|  |TAMS 0x0000000084000000, 0x0000000083f00000| Untracked 
|  64|0x0000000084000000, 0x0000000084100000, 0x0000000084100000|100%| O|  |TAMS 0x0000000084100000, 0x0000000084000000| Untracked 
|  65|0x0000000084100000, 0x0000000084200000, 0x0000000084200000|100%| O|  |TAMS 0x0000000084200000, 0x0000000084100000| Untracked 
|  66|0x0000000084200000, 0x0000000084300000, 0x0000000084300000|100%| O|  |TAMS 0x0000000084300000, 0x0000000084200000| Untracked 
|  67|0x0000000084300000, 0x0000000084400000, 0x0000000084400000|100%| O|  |TAMS 0x0000000084400000, 0x0000000084300000| Untracked 
|  68|0x0000000084400000, 0x0000000084500000, 0x0000000084500000|100%| O|  |TAMS 0x0000000084500000, 0x0000000084400000| Untracked 
|  69|0x0000000084500000, 0x0000000084600000, 0x0000000084600000|100%| O|  |TAMS 0x0000000084600000, 0x0000000084500000| Untracked 
|  70|0x0000000084600000, 0x0000000084700000, 0x0000000084700000|100%| O|  |TAMS 0x0000000084700000, 0x0000000084600000| Untracked 
|  71|0x0000000084700000, 0x0000000084800000, 0x0000000084800000|100%| O|  |TAMS 0x0000000084800000, 0x0000000084700000| Untracked 
|  72|0x0000000084800000, 0x0000000084900000, 0x0000000084900000|100%| O|  |TAMS 0x0000000084900000, 0x0000000084800000| Untracked 
|  73|0x0000000084900000, 0x0000000084a00000, 0x0000000084a00000|100%| O|  |TAMS 0x0000000084a00000, 0x0000000084900000| Untracked 
|  74|0x0000000084a00000, 0x0000000084b00000, 0x0000000084b00000|100%| O|  |TAMS 0x0000000084b00000, 0x0000000084a00000| Untracked 
|  75|0x0000000084b00000, 0x0000000084c00000, 0x0000000084c00000|100%| O|  |TAMS 0x0000000084c00000, 0x0000000084b00000| Untracked 
|  76|0x0000000084c00000, 0x0000000084d00000, 0x0000000084d00000|100%| O|  |TAMS 0x0000000084d00000, 0x0000000084c00000| Untracked 
|  77|0x0000000084d00000, 0x0000000084e00000, 0x0000000084e00000|100%| O|  |TAMS 0x0000000084e00000, 0x0000000084d00000| Untracked 
|  78|0x0000000084e00000, 0x0000000084f00000, 0x0000000084f00000|100%| O|  |TAMS 0x0000000084f00000, 0x0000000084e00000| Untracked 
|  79|0x0000000084f00000, 0x0000000085000000, 0x0000000085000000|100%| O|  |TAMS 0x0000000085000000, 0x0000000084f00000| Untracked 
|  80|0x0000000085000000, 0x0000000085100000, 0x0000000085100000|100%| O|  |TAMS 0x0000000085000000, 0x0000000085000000| Untracked 
|  81|0x0000000085100000, 0x0000000085200000, 0x0000000085200000|100%| O|  |TAMS 0x0000000085200000, 0x0000000085100000| Untracked 
|  82|0x0000000085200000, 0x0000000085300000, 0x0000000085300000|100%| O|  |TAMS 0x0000000085300000, 0x0000000085200000| Untracked 
|  83|0x0000000085300000, 0x0000000085400000, 0x0000000085400000|100%| O|  |TAMS 0x0000000085400000, 0x0000000085300000| Untracked 
|  84|0x0000000085400000, 0x0000000085500000, 0x0000000085500000|100%| O|  |TAMS 0x0000000085500000, 0x0000000085400000| Untracked 
|  85|0x0000000085500000, 0x0000000085600000, 0x0000000085600000|100%| O|  |TAMS 0x0000000085600000, 0x0000000085500000| Untracked 
|  86|0x0000000085600000, 0x0000000085700000, 0x0000000085700000|100%| O|  |TAMS 0x0000000085700000, 0x0000000085600000| Untracked 
|  87|0x0000000085700000, 0x0000000085800000, 0x0000000085800000|100%| O|  |TAMS 0x0000000085800000, 0x0000000085700000| Untracked 
|  88|0x0000000085800000, 0x0000000085900000, 0x0000000085900000|100%| O|  |TAMS 0x0000000085900000, 0x0000000085800000| Untracked 
|  89|0x0000000085900000, 0x0000000085a00000, 0x0000000085a00000|100%| O|  |TAMS 0x0000000085a00000, 0x0000000085900000| Untracked 
|  90|0x0000000085a00000, 0x0000000085b00000, 0x0000000085b00000|100%| O|  |TAMS 0x0000000085b00000, 0x0000000085a00000| Untracked 
|  91|0x0000000085b00000, 0x0000000085c00000, 0x0000000085c00000|100%| O|  |TAMS 0x0000000085c00000, 0x0000000085b00000| Untracked 
|  92|0x0000000085c00000, 0x0000000085d00000, 0x0000000085d00000|100%| O|  |TAMS 0x0000000085d00000, 0x0000000085c00000| Untracked 
|  93|0x0000000085d00000, 0x0000000085e00000, 0x0000000085e00000|100%| O|  |TAMS 0x0000000085e00000, 0x0000000085d00000| Untracked 
|  94|0x0000000085e00000, 0x0000000085f00000, 0x0000000085f00000|100%| O|  |TAMS 0x0000000085f00000, 0x0000000085e00000| Untracked 
|  95|0x0000000085f00000, 0x0000000086000000, 0x0000000086000000|100%| O|  |TAMS 0x0000000086000000, 0x0000000085f00000| Untracked 
|  96|0x0000000086000000, 0x0000000086100000, 0x0000000086100000|100%| O|  |TAMS 0x0000000086100000, 0x0000000086000000| Untracked 
|  97|0x0000000086100000, 0x0000000086200000, 0x0000000086200000|100%| O|  |TAMS 0x0000000086200000, 0x0000000086100000| Untracked 
|  98|0x0000000086200000, 0x0000000086300000, 0x0000000086300000|100%| O|  |TAMS 0x0000000086300000, 0x0000000086200000| Untracked 
|  99|0x0000000086300000, 0x0000000086400000, 0x0000000086400000|100%| O|  |TAMS 0x0000000086400000, 0x0000000086300000| Untracked 
| 100|0x0000000086400000, 0x0000000086500000, 0x0000000086500000|100%| O|  |TAMS 0x0000000086500000, 0x0000000086400000| Untracked 
| 101|0x0000000086500000, 0x0000000086600000, 0x0000000086600000|100%| O|  |TAMS 0x0000000086600000, 0x0000000086500000| Untracked 
| 102|0x0000000086600000, 0x0000000086700000, 0x0000000086700000|100%| O|  |TAMS 0x0000000086700000, 0x0000000086600000| Untracked 
| 103|0x0000000086700000, 0x0000000086800000, 0x0000000086800000|100%| O|  |TAMS 0x0000000086700000, 0x0000000086700000| Untracked 
| 104|0x0000000086800000, 0x0000000086900000, 0x0000000086900000|100%| O|  |TAMS 0x0000000086800000, 0x0000000086800000| Untracked 
| 105|0x0000000086900000, 0x0000000086a00000, 0x0000000086a00000|100%| O|  |TAMS 0x0000000086900000, 0x0000000086900000| Untracked 
| 106|0x0000000086a00000, 0x0000000086b00000, 0x0000000086b00000|100%| O|  |TAMS 0x0000000086a00000, 0x0000000086a00000| Untracked 
| 107|0x0000000086b00000, 0x0000000086c00000, 0x0000000086c00000|100%| O|  |TAMS 0x0000000086b00000, 0x0000000086b00000| Untracked 
| 108|0x0000000086c00000, 0x0000000086d00000, 0x0000000086d00000|100%| O|  |TAMS 0x0000000086c00000, 0x0000000086c00000| Untracked 
| 109|0x0000000086d00000, 0x0000000086e00000, 0x0000000086e00000|100%| O|  |TAMS 0x0000000086d00000, 0x0000000086d00000| Untracked 
| 110|0x0000000086e00000, 0x0000000086efaa00, 0x0000000086f00000| 97%| O|  |TAMS 0x0000000086e00000, 0x0000000086e00000| Untracked 
| 111|0x0000000086f00000, 0x0000000086f00000, 0x0000000087000000|  0%| F|  |TAMS 0x0000000086f00000, 0x0000000086f00000| Untracked 
| 112|0x0000000087000000, 0x0000000087100000, 0x0000000087100000|100%| O|  |TAMS 0x0000000087100000, 0x0000000087000000| Untracked 
| 113|0x0000000087100000, 0x0000000087200000, 0x0000000087200000|100%| O|  |TAMS 0x0000000087200000, 0x0000000087100000| Untracked 
| 114|0x0000000087200000, 0x0000000087200000, 0x0000000087300000|  0%| F|  |TAMS 0x0000000087200000, 0x0000000087200000| Untracked 
| 115|0x0000000087300000, 0x0000000087300000, 0x0000000087400000|  0%| F|  |TAMS 0x0000000087300000, 0x0000000087300000| Untracked 
| 116|0x0000000087400000, 0x0000000087400000, 0x0000000087500000|  0%| F|  |TAMS 0x0000000087400000, 0x0000000087400000| Untracked 
| 117|0x0000000087500000, 0x0000000087500000, 0x0000000087600000|  0%| F|  |TAMS 0x0000000087500000, 0x0000000087500000| Untracked 
| 118|0x0000000087600000, 0x0000000087600000, 0x0000000087700000|  0%| F|  |TAMS 0x0000000087600000, 0x0000000087600000| Untracked 
| 119|0x0000000087700000, 0x0000000087700000, 0x0000000087800000|  0%| F|  |TAMS 0x0000000087700000, 0x0000000087700000| Untracked 
| 120|0x0000000087800000, 0x0000000087800000, 0x0000000087900000|  0%| F|  |TAMS 0x0000000087800000, 0x0000000087800000| Untracked 
| 121|0x0000000087900000, 0x0000000087a00000, 0x0000000087a00000|100%| O|  |TAMS 0x0000000087a00000, 0x0000000087900000| Untracked 
| 122|0x0000000087a00000, 0x0000000087b00000, 0x0000000087b00000|100%| O|  |TAMS 0x0000000087b00000, 0x0000000087a00000| Untracked 
| 123|0x0000000087b00000, 0x0000000087c00000, 0x0000000087c00000|100%| O|  |TAMS 0x0000000087c00000, 0x0000000087b00000| Untracked 
| 124|0x0000000087c00000, 0x0000000087c00000, 0x0000000087d00000|  0%| F|  |TAMS 0x0000000087c00000, 0x0000000087c00000| Untracked 
| 125|0x0000000087d00000, 0x0000000087e00000, 0x0000000087e00000|100%| O|  |TAMS 0x0000000087e00000, 0x0000000087d00000| Untracked 
| 126|0x0000000087e00000, 0x0000000087f00000, 0x0000000087f00000|100%| O|  |TAMS 0x0000000087f00000, 0x0000000087e00000| Untracked 
| 127|0x0000000087f00000, 0x0000000088000000, 0x0000000088000000|100%| O|  |TAMS 0x0000000088000000, 0x0000000087f00000| Untracked 
| 128|0x0000000088000000, 0x0000000088100000, 0x0000000088100000|100%| O|  |TAMS 0x0000000088100000, 0x0000000088000000| Untracked 
| 129|0x0000000088100000, 0x0000000088100000, 0x0000000088200000|  0%| F|  |TAMS 0x0000000088100000, 0x0000000088100000| Untracked 
| 130|0x0000000088200000, 0x0000000088300000, 0x0000000088300000|100%| O|  |TAMS 0x0000000088300000, 0x0000000088200000| Untracked 
| 131|0x0000000088300000, 0x0000000088300000, 0x0000000088400000|  0%| F|  |TAMS 0x0000000088300000, 0x0000000088300000| Untracked 
| 132|0x0000000088400000, 0x0000000088500000, 0x0000000088500000|100%| O|  |TAMS 0x0000000088500000, 0x0000000088400000| Untracked 
| 133|0x0000000088500000, 0x0000000088600000, 0x0000000088600000|100%| O|  |TAMS 0x0000000088600000, 0x0000000088500000| Untracked 
| 134|0x0000000088600000, 0x0000000088700000, 0x0000000088700000|100%| O|  |TAMS 0x0000000088645e00, 0x0000000088600000| Untracked 
| 135|0x0000000088700000, 0x0000000088700000, 0x0000000088800000|  0%| F|  |TAMS 0x0000000088700000, 0x0000000088700000| Untracked 
| 136|0x0000000088800000, 0x0000000088800000, 0x0000000088900000|  0%| F|  |TAMS 0x0000000088800000, 0x0000000088800000| Untracked 
| 137|0x0000000088900000, 0x0000000088900000, 0x0000000088a00000|  0%| F|  |TAMS 0x0000000088900000, 0x0000000088900000| Untracked 
| 138|0x0000000088a00000, 0x0000000088a00000, 0x0000000088b00000|  0%| F|  |TAMS 0x0000000088a00000, 0x0000000088a00000| Untracked 
| 139|0x0000000088b00000, 0x0000000088b00000, 0x0000000088c00000|  0%| F|  |TAMS 0x0000000088b00000, 0x0000000088b00000| Untracked 
| 140|0x0000000088c00000, 0x0000000088c00000, 0x0000000088d00000|  0%| F|  |TAMS 0x0000000088c00000, 0x0000000088c00000| Untracked 
| 141|0x0000000088d00000, 0x0000000088d00000, 0x0000000088e00000|  0%| F|  |TAMS 0x0000000088d00000, 0x0000000088d00000| Untracked 
| 142|0x0000000088e00000, 0x0000000088e00000, 0x0000000088f00000|  0%| F|  |TAMS 0x0000000088e00000, 0x0000000088e00000| Untracked 
| 143|0x0000000088f00000, 0x0000000088f00000, 0x0000000089000000|  0%| F|  |TAMS 0x0000000088f00000, 0x0000000088f00000| Untracked 
| 144|0x0000000089000000, 0x0000000089000000, 0x0000000089100000|  0%| F|  |TAMS 0x0000000089000000, 0x0000000089000000| Untracked 
| 145|0x0000000089100000, 0x0000000089100000, 0x0000000089200000|  0%| F|  |TAMS 0x0000000089100000, 0x0000000089100000| Untracked 
| 146|0x0000000089200000, 0x0000000089200000, 0x0000000089300000|  0%| F|  |TAMS 0x0000000089200000, 0x0000000089200000| Untracked 
| 147|0x0000000089300000, 0x0000000089300000, 0x0000000089400000|  0%| F|  |TAMS 0x0000000089300000, 0x0000000089300000| Untracked 
| 148|0x0000000089400000, 0x0000000089400000, 0x0000000089500000|  0%| F|  |TAMS 0x0000000089400000, 0x0000000089400000| Untracked 
| 149|0x0000000089500000, 0x0000000089500000, 0x0000000089600000|  0%| F|  |TAMS 0x0000000089500000, 0x0000000089500000| Untracked 
| 150|0x0000000089600000, 0x0000000089600000, 0x0000000089700000|  0%| F|  |TAMS 0x0000000089600000, 0x0000000089600000| Untracked 
| 151|0x0000000089700000, 0x0000000089700000, 0x0000000089800000|  0%| F|  |TAMS 0x0000000089700000, 0x0000000089700000| Untracked 
| 152|0x0000000089800000, 0x0000000089800000, 0x0000000089900000|  0%| F|  |TAMS 0x0000000089800000, 0x0000000089800000| Untracked 
| 153|0x0000000089900000, 0x0000000089900000, 0x0000000089a00000|  0%| F|  |TAMS 0x0000000089900000, 0x0000000089900000| Untracked 
| 154|0x0000000089a00000, 0x0000000089a00000, 0x0000000089b00000|  0%| F|  |TAMS 0x0000000089a00000, 0x0000000089a00000| Untracked 
| 155|0x0000000089b00000, 0x0000000089b00000, 0x0000000089c00000|  0%| F|  |TAMS 0x0000000089b00000, 0x0000000089b00000| Untracked 
| 156|0x0000000089c00000, 0x0000000089c00000, 0x0000000089d00000|  0%| F|  |TAMS 0x0000000089c00000, 0x0000000089c00000| Untracked 
| 157|0x0000000089d00000, 0x0000000089d00000, 0x0000000089e00000|  0%| F|  |TAMS 0x0000000089d00000, 0x0000000089d00000| Untracked 
| 158|0x0000000089e00000, 0x0000000089e00000, 0x0000000089f00000|  0%| F|  |TAMS 0x0000000089e00000, 0x0000000089e00000| Untracked 
| 159|0x0000000089f00000, 0x0000000089f00000, 0x000000008a000000|  0%| F|  |TAMS 0x0000000089f00000, 0x0000000089f00000| Untracked 
| 160|0x000000008a000000, 0x000000008a000000, 0x000000008a100000|  0%| F|  |TAMS 0x000000008a000000, 0x000000008a000000| Untracked 
| 161|0x000000008a100000, 0x000000008a100000, 0x000000008a200000|  0%| F|  |TAMS 0x000000008a100000, 0x000000008a100000| Untracked 
| 162|0x000000008a200000, 0x000000008a200000, 0x000000008a300000|  0%| F|  |TAMS 0x000000008a200000, 0x000000008a200000| Untracked 
| 163|0x000000008a300000, 0x000000008a300000, 0x000000008a400000|  0%| F|  |TAMS 0x000000008a300000, 0x000000008a300000| Untracked 
| 164|0x000000008a400000, 0x000000008a400000, 0x000000008a500000|  0%| F|  |TAMS 0x000000008a400000, 0x000000008a400000| Untracked 
| 165|0x000000008a500000, 0x000000008a500000, 0x000000008a600000|  0%| F|  |TAMS 0x000000008a500000, 0x000000008a500000| Untracked 
| 166|0x000000008a600000, 0x000000008a600000, 0x000000008a700000|  0%| F|  |TAMS 0x000000008a600000, 0x000000008a600000| Untracked 
| 167|0x000000008a700000, 0x000000008a700000, 0x000000008a800000|  0%| F|  |TAMS 0x000000008a700000, 0x000000008a700000| Untracked 
| 168|0x000000008a800000, 0x000000008a800000, 0x000000008a900000|  0%| F|  |TAMS 0x000000008a800000, 0x000000008a800000| Untracked 
| 169|0x000000008a900000, 0x000000008a900000, 0x000000008aa00000|  0%| F|  |TAMS 0x000000008a900000, 0x000000008a900000| Untracked 
| 170|0x000000008aa00000, 0x000000008aa00000, 0x000000008ab00000|  0%| F|  |TAMS 0x000000008aa00000, 0x000000008aa00000| Untracked 
| 171|0x000000008ab00000, 0x000000008ab00000, 0x000000008ac00000|  0%| F|  |TAMS 0x000000008ab00000, 0x000000008ab00000| Untracked 
| 172|0x000000008ac00000, 0x000000008ac00000, 0x000000008ad00000|  0%| F|  |TAMS 0x000000008ac00000, 0x000000008ac00000| Untracked 
| 173|0x000000008ad00000, 0x000000008ad00000, 0x000000008ae00000|  0%| F|  |TAMS 0x000000008ad00000, 0x000000008ad00000| Untracked 
| 174|0x000000008ae00000, 0x000000008ae00000, 0x000000008af00000|  0%| F|  |TAMS 0x000000008ae00000, 0x000000008ae00000| Untracked 
| 175|0x000000008af00000, 0x000000008af00000, 0x000000008b000000|  0%| F|  |TAMS 0x000000008af00000, 0x000000008af00000| Untracked 
| 176|0x000000008b000000, 0x000000008b000000, 0x000000008b100000|  0%| F|  |TAMS 0x000000008b000000, 0x000000008b000000| Untracked 
| 177|0x000000008b100000, 0x000000008b100000, 0x000000008b200000|  0%| F|  |TAMS 0x000000008b100000, 0x000000008b100000| Untracked 
| 178|0x000000008b200000, 0x000000008b200000, 0x000000008b300000|  0%| F|  |TAMS 0x000000008b200000, 0x000000008b200000| Untracked 
| 179|0x000000008b300000, 0x000000008b300000, 0x000000008b400000|  0%| F|  |TAMS 0x000000008b300000, 0x000000008b300000| Untracked 
| 180|0x000000008b400000, 0x000000008b400000, 0x000000008b500000|  0%| F|  |TAMS 0x000000008b400000, 0x000000008b400000| Untracked 
| 181|0x000000008b500000, 0x000000008b500000, 0x000000008b600000|  0%| F|  |TAMS 0x000000008b500000, 0x000000008b500000| Untracked 
| 182|0x000000008b600000, 0x000000008b600000, 0x000000008b700000|  0%| F|  |TAMS 0x000000008b600000, 0x000000008b600000| Untracked 
| 183|0x000000008b700000, 0x000000008b700000, 0x000000008b800000|  0%| F|  |TAMS 0x000000008b700000, 0x000000008b700000| Untracked 
| 184|0x000000008b800000, 0x000000008b800000, 0x000000008b900000|  0%| F|  |TAMS 0x000000008b800000, 0x000000008b800000| Untracked 
| 185|0x000000008b900000, 0x000000008b900000, 0x000000008ba00000|  0%| F|  |TAMS 0x000000008b900000, 0x000000008b900000| Untracked 
| 186|0x000000008ba00000, 0x000000008ba00000, 0x000000008bb00000|  0%| F|  |TAMS 0x000000008ba00000, 0x000000008ba00000| Untracked 
| 187|0x000000008bb00000, 0x000000008bb00000, 0x000000008bc00000|  0%| F|  |TAMS 0x000000008bb00000, 0x000000008bb00000| Untracked 
| 188|0x000000008bc00000, 0x000000008bc00000, 0x000000008bd00000|  0%| F|  |TAMS 0x000000008bc00000, 0x000000008bc00000| Untracked 
| 189|0x000000008bd00000, 0x000000008bd00000, 0x000000008be00000|  0%| F|  |TAMS 0x000000008bd00000, 0x000000008bd00000| Untracked 
| 190|0x000000008be00000, 0x000000008be00000, 0x000000008bf00000|  0%| F|  |TAMS 0x000000008be00000, 0x000000008be00000| Untracked 
| 191|0x000000008bf00000, 0x000000008bf00000, 0x000000008c000000|  0%| F|  |TAMS 0x000000008bf00000, 0x000000008bf00000| Untracked 
| 192|0x000000008c000000, 0x000000008c000000, 0x000000008c100000|  0%| F|  |TAMS 0x000000008c000000, 0x000000008c000000| Untracked 
| 193|0x000000008c100000, 0x000000008c100000, 0x000000008c200000|  0%| F|  |TAMS 0x000000008c100000, 0x000000008c100000| Untracked 
| 194|0x000000008c200000, 0x000000008c200000, 0x000000008c300000|  0%| F|  |TAMS 0x000000008c200000, 0x000000008c200000| Untracked 
| 195|0x000000008c300000, 0x000000008c300000, 0x000000008c400000|  0%| F|  |TAMS 0x000000008c300000, 0x000000008c300000| Untracked 
| 196|0x000000008c400000, 0x000000008c400000, 0x000000008c500000|  0%| F|  |TAMS 0x000000008c400000, 0x000000008c400000| Untracked 
| 197|0x000000008c500000, 0x000000008c500000, 0x000000008c600000|  0%| F|  |TAMS 0x000000008c500000, 0x000000008c500000| Untracked 
| 198|0x000000008c600000, 0x000000008c600000, 0x000000008c700000|  0%| F|  |TAMS 0x000000008c600000, 0x000000008c600000| Untracked 
| 199|0x000000008c700000, 0x000000008c700000, 0x000000008c800000|  0%| F|  |TAMS 0x000000008c700000, 0x000000008c700000| Untracked 
| 200|0x000000008c800000, 0x000000008c800000, 0x000000008c900000|  0%| F|  |TAMS 0x000000008c800000, 0x000000008c800000| Untracked 
| 201|0x000000008c900000, 0x000000008c9b6770, 0x000000008ca00000| 71%| E|  |TAMS 0x000000008c900000, 0x000000008c900000| Complete 
| 202|0x000000008ca00000, 0x000000008cb00000, 0x000000008cb00000|100%| E|  |TAMS 0x000000008ca00000, 0x000000008ca00000| Complete 
| 203|0x000000008cb00000, 0x000000008cc00000, 0x000000008cc00000|100%| E|CS|TAMS 0x000000008cb00000, 0x000000008cb00000| Complete 
| 204|0x000000008cc00000, 0x000000008cd00000, 0x000000008cd00000|100%| E|CS|TAMS 0x000000008cc00000, 0x000000008cc00000| Complete 
| 205|0x000000008cd00000, 0x000000008ce00000, 0x000000008ce00000|100%| E|CS|TAMS 0x000000008cd00000, 0x000000008cd00000| Complete 
| 206|0x000000008ce00000, 0x000000008cf00000, 0x000000008cf00000|100%| E|CS|TAMS 0x000000008ce00000, 0x000000008ce00000| Complete 
| 207|0x000000008cf00000, 0x000000008d000000, 0x000000008d000000|100%| E|CS|TAMS 0x000000008cf00000, 0x000000008cf00000| Complete 
| 208|0x000000008d000000, 0x000000008d100000, 0x000000008d100000|100%| E|CS|TAMS 0x000000008d000000, 0x000000008d000000| Complete 
| 209|0x000000008d100000, 0x000000008d200000, 0x000000008d200000|100%| E|CS|TAMS 0x000000008d100000, 0x000000008d100000| Complete 
| 210|0x000000008d200000, 0x000000008d300000, 0x000000008d300000|100%| E|CS|TAMS 0x000000008d200000, 0x000000008d200000| Complete 
| 211|0x000000008d300000, 0x000000008d400000, 0x000000008d400000|100%| E|CS|TAMS 0x000000008d300000, 0x000000008d300000| Complete 
| 212|0x000000008d400000, 0x000000008d500000, 0x000000008d500000|100%| E|CS|TAMS 0x000000008d400000, 0x000000008d400000| Complete 
| 213|0x000000008d500000, 0x000000008d600000, 0x000000008d600000|100%| E|CS|TAMS 0x000000008d500000, 0x000000008d500000| Complete 
| 214|0x000000008d600000, 0x000000008d700000, 0x000000008d700000|100%| E|CS|TAMS 0x000000008d600000, 0x000000008d600000| Complete 
| 215|0x000000008d700000, 0x000000008d800000, 0x000000008d800000|100%| E|CS|TAMS 0x000000008d700000, 0x000000008d700000| Complete 
| 216|0x000000008d800000, 0x000000008d900000, 0x000000008d900000|100%| E|CS|TAMS 0x000000008d800000, 0x000000008d800000| Complete 
| 217|0x000000008d900000, 0x000000008da00000, 0x000000008da00000|100%| E|CS|TAMS 0x000000008d900000, 0x000000008d900000| Complete 
| 218|0x000000008da00000, 0x000000008db00000, 0x000000008db00000|100%| E|CS|TAMS 0x000000008da00000, 0x000000008da00000| Complete 
| 219|0x000000008db00000, 0x000000008dc00000, 0x000000008dc00000|100%| E|CS|TAMS 0x000000008db00000, 0x000000008db00000| Complete 
| 220|0x000000008dc00000, 0x000000008dd00000, 0x000000008dd00000|100%| E|CS|TAMS 0x000000008dc00000, 0x000000008dc00000| Complete 
| 221|0x000000008dd00000, 0x000000008de00000, 0x000000008de00000|100%| E|CS|TAMS 0x000000008dd00000, 0x000000008dd00000| Complete 
| 222|0x000000008de00000, 0x000000008df00000, 0x000000008df00000|100%| E|CS|TAMS 0x000000008de00000, 0x000000008de00000| Complete 
| 223|0x000000008df00000, 0x000000008e000000, 0x000000008e000000|100%| E|CS|TAMS 0x000000008df00000, 0x000000008df00000| Complete 
| 224|0x000000008e000000, 0x000000008e100000, 0x000000008e100000|100%| E|CS|TAMS 0x000000008e000000, 0x000000008e000000| Complete 
| 225|0x000000008e100000, 0x000000008e200000, 0x000000008e200000|100%| E|CS|TAMS 0x000000008e100000, 0x000000008e100000| Complete 
| 226|0x000000008e200000, 0x000000008e300000, 0x000000008e300000|100%| E|CS|TAMS 0x000000008e200000, 0x000000008e200000| Complete 
| 227|0x000000008e300000, 0x000000008e400000, 0x000000008e400000|100%| E|CS|TAMS 0x000000008e300000, 0x000000008e300000| Complete 
| 228|0x000000008e400000, 0x000000008e500000, 0x000000008e500000|100%| E|CS|TAMS 0x000000008e400000, 0x000000008e400000| Complete 
| 229|0x000000008e500000, 0x000000008e600000, 0x000000008e600000|100%| E|CS|TAMS 0x000000008e500000, 0x000000008e500000| Complete 
| 230|0x000000008e600000, 0x000000008e700000, 0x000000008e700000|100%| E|CS|TAMS 0x000000008e600000, 0x000000008e600000| Complete 
| 231|0x000000008e700000, 0x000000008e800000, 0x000000008e800000|100%| E|CS|TAMS 0x000000008e700000, 0x000000008e700000| Complete 
| 232|0x000000008e800000, 0x000000008e900000, 0x000000008e900000|100%| E|CS|TAMS 0x000000008e800000, 0x000000008e800000| Complete 
| 233|0x000000008e900000, 0x000000008ea00000, 0x000000008ea00000|100%| E|CS|TAMS 0x000000008e900000, 0x000000008e900000| Complete 
| 234|0x000000008ea00000, 0x000000008eb00000, 0x000000008eb00000|100%| E|CS|TAMS 0x000000008ea00000, 0x000000008ea00000| Complete 
| 235|0x000000008eb00000, 0x000000008ec00000, 0x000000008ec00000|100%| E|CS|TAMS 0x000000008eb00000, 0x000000008eb00000| Complete 
| 236|0x000000008ec00000, 0x000000008ed00000, 0x000000008ed00000|100%| E|CS|TAMS 0x000000008ec00000, 0x000000008ec00000| Complete 
| 237|0x000000008ed00000, 0x000000008ee00000, 0x000000008ee00000|100%| E|CS|TAMS 0x000000008ed00000, 0x000000008ed00000| Complete 
| 238|0x000000008ee00000, 0x000000008ef00000, 0x000000008ef00000|100%| E|CS|TAMS 0x000000008ee00000, 0x000000008ee00000| Complete 
| 239|0x000000008ef00000, 0x000000008f000000, 0x000000008f000000|100%| E|CS|TAMS 0x000000008ef00000, 0x000000008ef00000| Complete 
| 240|0x000000008f000000, 0x000000008f100000, 0x000000008f100000|100%| E|CS|TAMS 0x000000008f000000, 0x000000008f000000| Complete 
| 241|0x000000008f100000, 0x000000008f200000, 0x000000008f200000|100%| E|CS|TAMS 0x000000008f100000, 0x000000008f100000| Complete 
| 242|0x000000008f200000, 0x000000008f300000, 0x000000008f300000|100%| E|CS|TAMS 0x000000008f200000, 0x000000008f200000| Complete 
| 243|0x000000008f300000, 0x000000008f400000, 0x000000008f400000|100%| E|CS|TAMS 0x000000008f300000, 0x000000008f300000| Complete 
| 244|0x000000008f400000, 0x000000008f500000, 0x000000008f500000|100%| E|CS|TAMS 0x000000008f400000, 0x000000008f400000| Complete 
| 245|0x000000008f500000, 0x000000008f600000, 0x000000008f600000|100%| E|CS|TAMS 0x000000008f500000, 0x000000008f500000| Complete 
| 246|0x000000008f600000, 0x000000008f700000, 0x000000008f700000|100%| E|CS|TAMS 0x000000008f600000, 0x000000008f600000| Complete 
| 247|0x000000008f700000, 0x000000008f800000, 0x000000008f800000|100%| E|CS|TAMS 0x000000008f700000, 0x000000008f700000| Complete 
| 248|0x000000008f800000, 0x000000008f900000, 0x000000008f900000|100%| E|CS|TAMS 0x000000008f800000, 0x000000008f800000| Complete 
| 249|0x000000008f900000, 0x000000008fa00000, 0x000000008fa00000|100%| E|CS|TAMS 0x000000008f900000, 0x000000008f900000| Complete 
| 250|0x000000008fa00000, 0x000000008fb00000, 0x000000008fb00000|100%| E|CS|TAMS 0x000000008fa00000, 0x000000008fa00000| Complete 
| 251|0x000000008fb00000, 0x000000008fc00000, 0x000000008fc00000|100%| E|CS|TAMS 0x000000008fb00000, 0x000000008fb00000| Complete 
| 252|0x000000008fc00000, 0x000000008fd00000, 0x000000008fd00000|100%| E|CS|TAMS 0x000000008fc00000, 0x000000008fc00000| Complete 
| 253|0x000000008fd00000, 0x000000008fe00000, 0x000000008fe00000|100%| S|CS|TAMS 0x000000008fd00000, 0x000000008fd00000| Complete 
| 254|0x000000008fe00000, 0x000000008ff00000, 0x000000008ff00000|100%| E|CS|TAMS 0x000000008fe00000, 0x000000008fe00000| Complete 
| 255|0x000000008ff00000, 0x0000000090000000, 0x0000000090000000|100%| E|CS|TAMS 0x000000008ff00000, 0x000000008ff00000| Complete 

Card table byte_map: [0x0000027368460000,0x0000027368860000] _byte_map_base: 0x0000027368060000

Marking Bits (Prev, Next): (CMBitMap*) 0x0000027353361c40, (CMBitMap*) 0x0000027353361c08
 Prev Bits: [0x000002736ac60000, 0x000002736cc60000)
 Next Bits: [0x0000027368c60000, 0x000002736ac60000)

Polling page: 0x0000027353260000

Metaspace:

Usage:
  Non-class:    102.04 MB capacity,    99.90 MB ( 98%) used,     1.71 MB (  2%) free+waste,   447.19 KB ( <1%) overhead. 
      Class:     16.12 MB capacity,    14.77 MB ( 92%) used,     1.15 MB (  7%) free+waste,   200.88 KB (  1%) overhead. 
       Both:    118.17 MB capacity,   114.67 MB ( 97%) used,     2.86 MB (  2%) free+waste,   648.06 KB ( <1%) overhead. 

Virtual space:
  Non-class space:      104.00 MB reserved,     102.12 MB ( 98%) committed 
      Class space:        1.00 GB reserved,      16.35 MB (  2%) committed 
             Both:        1.10 GB reserved,     118.46 MB ( 11%) committed 

Chunk freelists:
   Non-Class:  3.00 KB
       Class:  225.00 KB
        Both:  228.00 KB

MaxMetaspaceSize: 17179869184.00 GB
CompressedClassSpaceSize: 1.00 GB

CodeHeap 'non-profiled nmethods': size=120000Kb used=13008Kb max_used=13008Kb free=106991Kb
 bounds [0x00000273600b0000, 0x0000027360d70000, 0x00000273675e0000]
CodeHeap 'profiled nmethods': size=120000Kb used=42226Kb max_used=42226Kb free=77773Kb
 bounds [0x0000027358b80000, 0x000002735b4d0000, 0x00000273600b0000]
CodeHeap 'non-nmethods': size=5760Kb used=2372Kb max_used=2432Kb free=3387Kb
 bounds [0x00000273585e0000, 0x0000027358850000, 0x0000027358b80000]
 total_blobs=20160 nmethods=19165 adapters=904
 compilation: enabled
              stopped_count=0, restarted_count=0
 full_count=0

Compilation events (20 events):
Event: 1243.264 Thread 0x0000027370016800 20221       4       kotlin.reflect.jvm.internal.ReflectProperties$LazySoftVal::invoke (52 bytes)
Event: 1243.264 Thread 0x000002737001b000 20223       1       org.gradle.workers.internal.IsolatedParametersActionExecutionSpec::getDisplayName (5 bytes)
Event: 1243.265 Thread 0x000002737001b000 nmethod 20223 0x0000027360d64790 code [0x0000027360d64940, 0x0000027360d649f8]
Event: 1243.265 Thread 0x000002737001b000 20224       3       java.io.ObjectInputStream::defaultCheckFieldValues (19 bytes)
Event: 1243.266 Thread 0x000002737001b000 nmethod 20224 0x000002735b4c1d10 code [0x000002735b4c1ee0, 0x000002735b4c2128]
Event: 1243.266 Thread 0x000002737001b000 20225       3       java.util.Formatter::parse (137 bytes)
Event: 1243.268 Thread 0x0000027370016800 nmethod 20221 0x0000027360d64a90 code [0x0000027360d64c40, 0x0000027360d65078]
Event: 1243.268 Thread 0x0000027370016800 20222       4       kotlin.reflect.jvm.internal.pcollections.IntTree::get (60 bytes)
Event: 1243.269 Thread 0x000002737001b000 nmethod 20225 0x000002735b4c2290 code [0x000002735b4c2740, 0x000002735b4c4db8]
Event: 1243.269 Thread 0x000002737001b000 20226       3       java.util.Formatter$FormatSpecifier::checkInteger (91 bytes)
Event: 1243.269 Thread 0x000002737001b000 nmethod 20226 0x000002735b4c5c90 code [0x000002735b4c5ee0, 0x000002735b4c6848]
Event: 1243.269 Thread 0x000002737001b000 20227   !   3       java.net.Socket::isClosed (19 bytes)
Event: 1243.269 Thread 0x000002737001b000 nmethod 20227 0x000002735b4c6a90 code [0x000002735b4c6c40, 0x000002735b4c6ed8]
Event: 1243.270 Thread 0x0000027370016800 nmethod 20222 0x0000027360d65290 code [0x0000027360d65460, 0x0000027360d65630]
Event: 1243.272 Thread 0x000002737001b000 20228       3       sun.rmi.transport.StreamRemoteCall::getInputStream (60 bytes)
Event: 1243.275 Thread 0x000002737001b000 nmethod 20228 0x000002735b4c6f90 code [0x000002735b4c7280, 0x000002735b4c80a8]
Event: 1243.280 Thread 0x000002737001b000 20229       3       java.lang.invoke.DirectMethodHandle$Holder::invokeStatic (15 bytes)
Event: 1243.280 Thread 0x000002737001b000 nmethod 20229 0x000002735b4c8590 code [0x000002735b4c8760, 0x000002735b4c8b38]
Event: 1243.281 Thread 0x000002737001b000 20230       1       java.io.ObjectInputStream$FilterValues::arrayLength (5 bytes)
Event: 1243.281 Thread 0x000002737001b000 nmethod 20230 0x0000027360d65810 code [0x0000027360d659c0, 0x0000027360d65a78]

GC Heap History (20 events):
Event: 31.446 GC heap before
{Heap before GC invocations=21 (full 0):
 garbage-first heap   total 262144K, used 199953K [0x0000000080000000, 0x0000000100000000)
  region size 1024K, 92 young (94208K), 13 survivors (13312K)
 Metaspace       used 111303K, capacity 115064K, committed 115292K, reserved 1148928K
  class space    used 14803K, capacity 16290K, committed 16356K, reserved 1048576K
}
Event: 31.458 GC heap after
{Heap after GC invocations=22 (full 0):
 garbage-first heap   total 262144K, used 123637K [0x0000000080000000, 0x0000000100000000)
  region size 1024K, 6 young (6144K), 6 survivors (6144K)
 Metaspace       used 111303K, capacity 115064K, committed 115292K, reserved 1148928K
  class space    used 14803K, capacity 16290K, committed 16356K, reserved 1048576K
}
Event: 31.470 GC heap before
{Heap before GC invocations=22 (full 0):
 garbage-first heap   total 262144K, used 124661K [0x0000000080000000, 0x0000000100000000)
  region size 1024K, 9 young (9216K), 6 survivors (6144K)
 Metaspace       used 111351K, capacity 115133K, committed 115292K, reserved 1148928K
  class space    used 14816K, capacity 16313K, committed 16356K, reserved 1048576K
}
Event: 31.476 GC heap after
{Heap after GC invocations=23 (full 0):
 garbage-first heap   total 262144K, used 123845K [0x0000000080000000, 0x0000000100000000)
  region size 1024K, 7 young (7168K), 7 survivors (7168K)
 Metaspace       used 111351K, capacity 115133K, committed 115292K, reserved 1148928K
  class space    used 14816K, capacity 16313K, committed 16356K, reserved 1048576K
}
Event: 33.093 GC heap before
{Heap before GC invocations=24 (full 0):
 garbage-first heap   total 262144K, used 179141K [0x0000000080000000, 0x0000000100000000)
  region size 1024K, 62 young (63488K), 7 survivors (7168K)
 Metaspace       used 113408K, capacity 116650K, committed 118236K, reserved 1150976K
  class space    used 14817K, capacity 16042K, committed 16740K, reserved 1048576K
}
Event: 33.099 GC heap after
{Heap after GC invocations=25 (full 0):
 garbage-first heap   total 262144K, used 122179K [0x0000000080000000, 0x0000000100000000)
  region size 1024K, 5 young (5120K), 5 survivors (5120K)
 Metaspace       used 113408K, capacity 116650K, committed 118236K, reserved 1150976K
  class space    used 14817K, capacity 16042K, committed 16740K, reserved 1048576K
}
Event: 76.628 GC heap before
{Heap before GC invocations=26 (full 0):
 garbage-first heap   total 262144K, used 218435K [0x0000000080000000, 0x0000000100000000)
  region size 1024K, 86 young (88064K), 5 survivors (5120K)
 Metaspace       used 115074K, capacity 118319K, committed 119516K, reserved 1153024K
  class space    used 14959K, capacity 16209K, committed 16740K, reserved 1048576K
}
Event: 76.638 GC heap after
{Heap after GC invocations=27 (full 0):
 garbage-first heap   total 262144K, used 129217K [0x0000000080000000, 0x0000000100000000)
  region size 1024K, 11 young (11264K), 11 survivors (11264K)
 Metaspace       used 115074K, capacity 118319K, committed 119516K, reserved 1153024K
  class space    used 14959K, capacity 16209K, committed 16740K, reserved 1048576K
}
Event: 79.590 GC heap before
{Heap before GC invocations=27 (full 0):
 garbage-first heap   total 262144K, used 191681K [0x0000000080000000, 0x0000000100000000)
  region size 1024K, 74 young (75776K), 11 survivors (11264K)
 Metaspace       used 115461K, capacity 118710K, committed 119772K, reserved 1153024K
  class space    used 14971K, capacity 16232K, committed 16740K, reserved 1048576K
}
Event: 79.612 GC heap after
{Heap after GC invocations=28 (full 0):
 garbage-first heap   total 262144K, used 131990K [0x0000000080000000, 0x0000000100000000)
  region size 1024K, 3 young (3072K), 3 survivors (3072K)
 Metaspace       used 115461K, capacity 118710K, committed 119772K, reserved 1153024K
  class space    used 14971K, capacity 16232K, committed 16740K, reserved 1048576K
}
Event: 754.472 GC heap before
{Heap before GC invocations=29 (full 0):
 garbage-first heap   total 262144K, used 216982K [0x0000000080000000, 0x0000000100000000)
  region size 1024K, 75 young (76800K), 3 survivors (3072K)
 Metaspace       used 116249K, capacity 119590K, committed 120284K, reserved 1153024K
  class space    used 15035K, capacity 16337K, committed 16740K, reserved 1048576K
}
Event: 754.480 GC heap after
{Heap after GC invocations=30 (full 0):
 garbage-first heap   total 262144K, used 135450K [0x0000000080000000, 0x0000000100000000)
  region size 1024K, 9 young (9216K), 9 survivors (9216K)
 Metaspace       used 116249K, capacity 119590K, committed 120284K, reserved 1153024K
  class space    used 15035K, capacity 16337K, committed 16740K, reserved 1048576K
}
Event: 754.495 GC heap before
{Heap before GC invocations=30 (full 0):
 garbage-first heap   total 262144K, used 137498K [0x0000000080000000, 0x0000000100000000)
  region size 1024K, 12 young (12288K), 9 survivors (9216K)
 Metaspace       used 116254K, capacity 119591K, committed 120284K, reserved 1153024K
  class space    used 15035K, capacity 16337K, committed 16740K, reserved 1048576K
}
Event: 754.506 GC heap after
{Heap after GC invocations=31 (full 0):
 garbage-first heap   total 262144K, used 126231K [0x0000000080000000, 0x0000000100000000)
  region size 1024K, 1 young (1024K), 1 survivors (1024K)
 Metaspace       used 116254K, capacity 119591K, committed 120284K, reserved 1153024K
  class space    used 15035K, capacity 16337K, committed 16740K, reserved 1048576K
}
Event: 758.325 GC heap before
{Heap before GC invocations=31 (full 0):
 garbage-first heap   total 262144K, used 202007K [0x0000000080000000, 0x0000000100000000)
  region size 1024K, 76 young (77824K), 1 survivors (1024K)
 Metaspace       used 116885K, capacity 120564K, committed 121052K, reserved 1153024K
  class space    used 15120K, capacity 16493K, committed 16740K, reserved 1048576K
}
Event: 758.331 GC heap after
{Heap after GC invocations=32 (full 0):
 garbage-first heap   total 262144K, used 128928K [0x0000000080000000, 0x0000000100000000)
  region size 1024K, 4 young (4096K), 4 survivors (4096K)
 Metaspace       used 116885K, capacity 120564K, committed 121052K, reserved 1153024K
  class space    used 15120K, capacity 16493K, committed 16740K, reserved 1048576K
}
Event: 1242.314 GC heap before
{Heap before GC invocations=33 (full 0):
 garbage-first heap   total 262144K, used 220064K [0x0000000080000000, 0x0000000100000000)
  region size 1024K, 80 young (81920K), 4 survivors (4096K)
 Metaspace       used 117244K, capacity 120851K, committed 121308K, reserved 1155072K
  class space    used 15102K, capacity 16464K, committed 16740K, reserved 1048576K
}
Event: 1242.323 GC heap after
{Heap after GC invocations=34 (full 0):
 garbage-first heap   total 262144K, used 134969K [0x0000000080000000, 0x0000000100000000)
  region size 1024K, 10 young (10240K), 10 survivors (10240K)
 Metaspace       used 117244K, capacity 120851K, committed 121308K, reserved 1155072K
  class space    used 15102K, capacity 16464K, committed 16740K, reserved 1048576K
}
Event: 1242.334 GC heap before
{Heap before GC invocations=34 (full 0):
 garbage-first heap   total 262144K, used 137017K [0x0000000080000000, 0x0000000100000000)
  region size 1024K, 12 young (12288K), 10 survivors (10240K)
 Metaspace       used 117244K, capacity 120851K, committed 121308K, reserved 1155072K
  class space    used 15102K, capacity 16464K, committed 16740K, reserved 1048576K
}
Event: 1242.347 GC heap after
{Heap after GC invocations=35 (full 0):
 garbage-first heap   total 262144K, used 126954K [0x0000000080000000, 0x0000000100000000)
  region size 1024K, 1 young (1024K), 1 survivors (1024K)
 Metaspace       used 117244K, capacity 120851K, committed 121308K, reserved 1155072K
  class space    used 15102K, capacity 16464K, committed 16740K, reserved 1048576K
}

Deoptimization events (20 events):
Event: 1241.813 Thread 0x000002737b520000 DEOPT PACKING pc=0x000002735949f91a sp=0x000000af12df92f0
Event: 1241.813 Thread 0x000002737b520000 DEOPT UNPACKING pc=0x0000027358606dde sp=0x000000af12df8788 mode 0
Event: 1241.821 Thread 0x000002737b520000 DEOPT PACKING pc=0x000002735949f8ab sp=0x000000af12df92f0
Event: 1241.821 Thread 0x000002737b520000 DEOPT UNPACKING pc=0x0000027358606dde sp=0x000000af12df8788 mode 0
Event: 1241.826 Thread 0x000002737b520000 DEOPT PACKING pc=0x000002735949f8ab sp=0x000000af12df92f0
Event: 1241.826 Thread 0x000002737b520000 DEOPT UNPACKING pc=0x0000027358606dde sp=0x000000af12df8788 mode 0
Event: 1242.102 Thread 0x000002737b520000 DEOPT PACKING pc=0x0000027359aec73b sp=0x000000af12df83b0
Event: 1242.102 Thread 0x000002737b520000 DEOPT UNPACKING pc=0x0000027358606dde sp=0x000000af12df78f0 mode 0
Event: 1242.179 Thread 0x000002737b520000 Uncommon trap: trap_request=0xffffffde fr.pc=0x0000027360716578 relative=0x00000000000000b8
Event: 1242.179 Thread 0x000002737b520000 Uncommon trap: reason=class_check action=maybe_recompile pc=0x0000027360716578 method=java.util.stream.ReferencePipeline$4$1.accept(Ljava/lang/Object;)V @ 12 c2
Event: 1242.179 Thread 0x000002737b520000 DEOPT PACKING pc=0x0000027360716578 sp=0x000000af12dfb7d0
Event: 1242.179 Thread 0x000002737b520000 DEOPT UNPACKING pc=0x000002735860662f sp=0x000000af12dfb750 mode 2
Event: 1242.641 Thread 0x0000027371684000 Uncommon trap: trap_request=0xffffffd6 fr.pc=0x0000027360c57a40 relative=0x0000000000000860
Event: 1242.641 Thread 0x0000027371684000 Uncommon trap: reason=array_check action=maybe_recompile pc=0x0000027360c57a40 method=java.util.ComparableTimSort.binarySort([Ljava/lang/Object;III)V @ 193 c2
Event: 1242.641 Thread 0x0000027371684000 DEOPT PACKING pc=0x0000027360c57a40 sp=0x000000af1a7fd680
Event: 1242.641 Thread 0x0000027371684000 DEOPT UNPACKING pc=0x000002735860662f sp=0x000000af1a7fd620 mode 2
Event: 1243.266 Thread 0x0000027371684000 Uncommon trap: trap_request=0xffffffd6 fr.pc=0x0000027360c57a40 relative=0x0000000000000860
Event: 1243.266 Thread 0x0000027371684000 Uncommon trap: reason=array_check action=maybe_recompile pc=0x0000027360c57a40 method=java.util.ComparableTimSort.binarySort([Ljava/lang/Object;III)V @ 193 c2
Event: 1243.266 Thread 0x0000027371684000 DEOPT PACKING pc=0x0000027360c57a40 sp=0x000000af1a7fd680
Event: 1243.266 Thread 0x0000027371684000 DEOPT UNPACKING pc=0x000002735860662f sp=0x000000af1a7fd620 mode 2

Classes redefined (0 events):
No events

Internal exceptions (20 events):
Event: 755.316 Thread 0x0000027378638800 Exception <a 'java/lang/InterruptedException'{0x000000008c73d5c0}> (0x000000008c73d5c0) thrown at [./src/hotspot/share/runtime/objectMonitor.cpp, line 1635]
Event: 758.309 Thread 0x0000027378631000 Exception <a 'sun/nio/fs/WindowsException'{0x000000008b82c9d8}> (0x000000008b82c9d8) thrown at [./src/hotspot/share/prims/jni.cpp, line 615]
Event: 758.315 Thread 0x00000273720e7800 Exception <a 'sun/nio/fs/WindowsException'{0x000000008b52b118}> (0x000000008b52b118) thrown at [./src/hotspot/share/prims/jni.cpp, line 615]
Event: 758.341 Thread 0x0000027378631000 Exception <a 'sun/nio/fs/WindowsException'{0x000000008fe4ef78}> (0x000000008fe4ef78) thrown at [./src/hotspot/share/prims/jni.cpp, line 615]
Event: 758.341 Thread 0x00000273720e7800 Exception <a 'sun/nio/fs/WindowsException'{0x000000008fe9cd30}> (0x000000008fe9cd30) thrown at [./src/hotspot/share/prims/jni.cpp, line 615]
Event: 758.356 Thread 0x0000027378631000 Exception <a 'sun/nio/fs/WindowsException'{0x000000008fd99490}> (0x000000008fd99490) thrown at [./src/hotspot/share/prims/jni.cpp, line 615]
Event: 758.357 Thread 0x0000027378631000 Exception <a 'sun/nio/fs/WindowsException'{0x000000008fda13d8}> (0x000000008fda13d8) thrown at [./src/hotspot/share/prims/jni.cpp, line 615]
Event: 758.388 Thread 0x00000273720ea000 Exception <a 'sun/nio/fs/WindowsException'{0x000000008fbe0748}> (0x000000008fbe0748) thrown at [./src/hotspot/share/prims/jni.cpp, line 615]
Event: 758.404 Thread 0x00000273720ea000 Exception <a 'sun/nio/fs/WindowsException'{0x000000008f98e798}> (0x000000008f98e798) thrown at [./src/hotspot/share/prims/jni.cpp, line 615]
Event: 758.542 Thread 0x00000273753e0000 Exception <a 'sun/nio/fs/WindowsException'{0x000000008fd16778}> (0x000000008fd16778) thrown at [./src/hotspot/share/prims/jni.cpp, line 615]
Event: 758.542 Thread 0x00000273753e0000 Exception <a 'sun/nio/fs/WindowsException'{0x000000008fd167f8}> (0x000000008fd167f8) thrown at [./src/hotspot/share/prims/jni.cpp, line 615]
Event: 758.543 Thread 0x00000273753e0000 Exception <a 'sun/nio/fs/WindowsException'{0x000000008fd18238}> (0x000000008fd18238) thrown at [./src/hotspot/share/prims/jni.cpp, line 615]
Event: 1241.934 Thread 0x000002737b520000 Exception <a 'sun/nio/fs/WindowsException'{0x000000008d4b1590}> (0x000000008d4b1590) thrown at [./src/hotspot/share/prims/jni.cpp, line 615]
Event: 1242.131 Thread 0x000002737b520000 Exception <a 'sun/nio/fs/WindowsException'{0x000000008c550c30}> (0x000000008c550c30) thrown at [./src/hotspot/share/prims/jni.cpp, line 615]
Event: 1242.136 Thread 0x000002737b520000 Exception <a 'sun/nio/fs/WindowsException'{0x000000008c5f59a0}> (0x000000008c5f59a0) thrown at [./src/hotspot/share/prims/jni.cpp, line 615]
Event: 1242.136 Thread 0x000002737b520000 Exception <a 'sun/nio/fs/WindowsException'{0x000000008c5f6d18}> (0x000000008c5f6d18) thrown at [./src/hotspot/share/prims/jni.cpp, line 615]
Event: 1242.137 Thread 0x000002737b520000 Exception <a 'sun/nio/fs/WindowsException'{0x000000008c5f83f0}> (0x000000008c5f83f0) thrown at [./src/hotspot/share/prims/jni.cpp, line 615]
Event: 1242.137 Thread 0x000002737b520000 Exception <a 'sun/nio/fs/WindowsException'{0x000000008c5f97b8}> (0x000000008c5f97b8) thrown at [./src/hotspot/share/prims/jni.cpp, line 615]
Event: 1242.653 Thread 0x0000027371689800 Exception <a 'java/lang/InterruptedException'{0x000000008e443dc0}> (0x000000008e443dc0) thrown at [./src/hotspot/share/runtime/objectMonitor.cpp, line 1635]
Event: 1243.270 Thread 0x0000027371685000 Exception <a 'java/lang/InterruptedException'{0x000000008cbf8b80}> (0x000000008cbf8b80) thrown at [./src/hotspot/share/runtime/objectMonitor.cpp, line 1635]

Events (20 events):
Event: 1242.648 Executing VM operation: RevokeBias
Event: 1242.648 Executing VM operation: RevokeBias done
Event: 1242.661 Thread 0x0000027371688000 Thread added: 0x0000027371688000
Event: 1242.678 Executing VM operation: RevokeBias
Event: 1242.679 Executing VM operation: RevokeBias done
Event: 1242.679 Executing VM operation: RevokeBias
Event: 1242.679 Executing VM operation: RevokeBias done
Event: 1243.056 Thread 0x000002737b52c000 Thread exited: 0x000002737b52c000
Event: 1243.056 Thread 0x000002737b529800 Thread exited: 0x000002737b529800
Event: 1243.156 Thread 0x0000027371686800 Thread added: 0x0000027371686800
Event: 1243.177 Thread 0x000002737168a800 Thread added: 0x000002737168a800
Event: 1243.264 Thread 0x0000027371685800 Thread added: 0x0000027371685800
Event: 1243.268 Thread 0x0000027371685000 Thread added: 0x0000027371685000
Event: 1243.268 Executing VM operation: RevokeBias
Event: 1243.268 Executing VM operation: RevokeBias done
Event: 1243.279 Thread 0x000002737168b800 Thread added: 0x000002737168b800
Event: 1243.280 Executing VM operation: RevokeBias
Event: 1243.280 Executing VM operation: RevokeBias done
Event: 1243.280 Executing VM operation: RevokeBias
Event: 1243.280 Executing VM operation: RevokeBias done


Dynamic libraries:
0x00007ff75c900000 - 0x00007ff75c90a000 	C:\Program Files\Android\Android Studio\jre\bin\java.exe
0x00007ffdd9410000 - 0x00007ffdd9605000 	C:\WINDOWS\SYSTEM32\ntdll.dll
0x00007ffdd9270000 - 0x00007ffdd932e000 	C:\WINDOWS\System32\KERNEL32.DLL
0x00007ffdd6be0000 - 0x00007ffdd6ea8000 	C:\WINDOWS\System32\KERNELBASE.dll
0x00007ffdd7190000 - 0x00007ffdd7290000 	C:\WINDOWS\System32\ucrtbase.dll
0x00007ffdc6410000 - 0x00007ffdc6427000 	C:\Program Files\Android\Android Studio\jre\bin\VCRUNTIME140.dll
0x00007ffdd2810000 - 0x00007ffdd2829000 	C:\Program Files\Android\Android Studio\jre\bin\jli.dll
0x00007ffdd8590000 - 0x00007ffdd8731000 	C:\WINDOWS\System32\USER32.dll
0x00007ffdc0e90000 - 0x00007ffdc112a000 	C:\WINDOWS\WinSxS\amd64_microsoft.windows.common-controls_6595b64144ccf1df_6.0.19041.1110_none_60b5254171f9507e\COMCTL32.dll
0x00007ffdd6bb0000 - 0x00007ffdd6bd2000 	C:\WINDOWS\System32\win32u.dll
0x00007ffdd8300000 - 0x00007ffdd839e000 	C:\WINDOWS\System32\msvcrt.dll
0x00007ffdd88e0000 - 0x00007ffdd890b000 	C:\WINDOWS\System32\GDI32.dll
0x00007ffdd6eb0000 - 0x00007ffdd6fbd000 	C:\WINDOWS\System32\gdi32full.dll
0x00007ffdd70f0000 - 0x00007ffdd718d000 	C:\WINDOWS\System32\msvcp_win.dll
0x00007ffdd8ed0000 - 0x00007ffdd8f00000 	C:\WINDOWS\System32\IMM32.DLL
0x00007ffd9e530000 - 0x00007ffd9e5cd000 	C:\Program Files\Android\Android Studio\jre\bin\msvcp140.dll
0x00007ffd5e100000 - 0x00007ffd5ebd5000 	C:\Program Files\Android\Android Studio\jre\bin\server\jvm.dll
0x00007ffdd8ac0000 - 0x00007ffdd8b6e000 	C:\WINDOWS\System32\ADVAPI32.dll
0x00007ffdd9330000 - 0x00007ffdd93cc000 	C:\WINDOWS\System32\sechost.dll
0x00007ffdd8990000 - 0x00007ffdd8ab5000 	C:\WINDOWS\System32\RPCRT4.dll
0x00007ffdd8910000 - 0x00007ffdd8918000 	C:\WINDOWS\System32\PSAPI.DLL
0x00007ffdd4050000 - 0x00007ffdd4059000 	C:\WINDOWS\SYSTEM32\WSOCK32.dll
0x00007ffdc4b30000 - 0x00007ffdc4b57000 	C:\WINDOWS\SYSTEM32\WINMM.dll
0x00007ffdd02a0000 - 0x00007ffdd02aa000 	C:\WINDOWS\SYSTEM32\VERSION.dll
0x00007ffdd8920000 - 0x00007ffdd898b000 	C:\WINDOWS\System32\WS2_32.dll
0x00007ffdd5380000 - 0x00007ffdd5392000 	C:\WINDOWS\SYSTEM32\kernel.appcore.dll
0x00007ffdd1c40000 - 0x00007ffdd1c51000 	C:\Program Files\Android\Android Studio\jre\bin\verify.dll
0x00007ffdd49c0000 - 0x00007ffdd4ba4000 	C:\WINDOWS\SYSTEM32\DBGHELP.DLL
0x00007ffdc19c0000 - 0x00007ffdc19ec000 	C:\WINDOWS\SYSTEM32\dbgcore.DLL
0x00007ffdd6b20000 - 0x00007ffdd6ba2000 	C:\WINDOWS\System32\bcryptPrimitives.dll
0x00007ffdc6500000 - 0x00007ffdc6529000 	C:\Program Files\Android\Android Studio\jre\bin\java.dll
0x00007ffdd2870000 - 0x00007ffdd287b000 	C:\Program Files\Android\Android Studio\jre\bin\jimage.dll
0x00007ffdd1bc0000 - 0x00007ffdd1bd8000 	C:\Program Files\Android\Android Studio\jre\bin\zip.dll
0x00007ffdd7450000 - 0x00007ffdd7b94000 	C:\WINDOWS\System32\SHELL32.dll
0x00007ffdd4bd0000 - 0x00007ffdd5365000 	C:\WINDOWS\SYSTEM32\windows.storage.dll
0x00007ffdd8b70000 - 0x00007ffdd8ec5000 	C:\WINDOWS\System32\combase.dll
0x00007ffdd6570000 - 0x00007ffdd659e000 	C:\WINDOWS\SYSTEM32\Wldp.dll
0x00007ffdd9130000 - 0x00007ffdd91dd000 	C:\WINDOWS\System32\SHCORE.dll
0x00007ffdd87c0000 - 0x00007ffdd8815000 	C:\WINDOWS\System32\shlwapi.dll
0x00007ffdd6a60000 - 0x00007ffdd6a7f000 	C:\WINDOWS\SYSTEM32\profapi.dll
0x00007ffdd0000000 - 0x00007ffdd001a000 	C:\Program Files\Android\Android Studio\jre\bin\net.dll
0x00007ffdd0620000 - 0x00007ffdd072c000 	C:\WINDOWS\SYSTEM32\WINHTTP.dll
0x00007ffdd62d0000 - 0x00007ffdd633a000 	C:\WINDOWS\system32\mswsock.dll
0x00007ffdc64e0000 - 0x00007ffdc64f4000 	C:\Program Files\Android\Android Studio\jre\bin\nio.dll
0x00007ffdc6430000 - 0x00007ffdc6457000 	C:\Users\ASUS\.gradle\native\e1d6ef7f7dcc3fd88c89a11ec53ec762bb8ba0a96d01ffa2cd45eb1d1d8dd5c5\windows-amd64\native-platform.dll
0x00007ffd8e440000 - 0x00007ffd8e584000 	C:\Users\ASUS\.gradle\native\5664cfc778a61ccfe75a443a1ab52a65af34e5dc3c78e0209fed803814484fcb\windows-amd64\native-platform-file-events.dll
0x00007ffdd1ce0000 - 0x00007ffdd1cea000 	C:\Program Files\Android\Android Studio\jre\bin\management.dll
0x00007ffdd1870000 - 0x00007ffdd187d000 	C:\Program Files\Android\Android Studio\jre\bin\management_ext.dll
0x00007ffdd64c0000 - 0x00007ffdd64d8000 	C:\WINDOWS\SYSTEM32\CRYPTSP.dll
0x00007ffdd5be0000 - 0x00007ffdd5c14000 	C:\WINDOWS\system32\rsaenh.dll
0x00007ffdd6fc0000 - 0x00007ffdd6fe7000 	C:\WINDOWS\System32\bcrypt.dll
0x00007ffdd69e0000 - 0x00007ffdd6a0e000 	C:\WINDOWS\SYSTEM32\USERENV.dll
0x00007ffdd64e0000 - 0x00007ffdd64ec000 	C:\WINDOWS\SYSTEM32\CRYPTBASE.dll
0x00007ffdd5f70000 - 0x00007ffdd5fab000 	C:\WINDOWS\SYSTEM32\IPHLPAPI.DLL
0x00007ffdd7ba0000 - 0x00007ffdd7ba8000 	C:\WINDOWS\System32\NSI.dll
0x00007ffdd0730000 - 0x00007ffdd0747000 	C:\WINDOWS\SYSTEM32\dhcpcsvc6.DLL
0x00007ffdd02b0000 - 0x00007ffdd02cd000 	C:\WINDOWS\SYSTEM32\dhcpcsvc.DLL
0x00007ffdd5fc0000 - 0x00007ffdd608b000 	C:\WINDOWS\SYSTEM32\DNSAPI.dll
0x00007ffdc4a50000 - 0x00007ffdc4a6e000 	C:\Users\ASUS\AppData\Local\Temp\native-platform14811597712421486617dir\native-platform.dll
0x00007ffdc48b0000 - 0x00007ffdc48b8000 	C:\Program Files\Android\Android Studio\jre\bin\rmi.dll

dbghelp: loaded successfully - version: 4.0.5 - missing functions: none
symbol engine: initialized successfully - sym options: 0x614 - pdb path: .;C:\Program Files\Android\Android Studio\jre\bin;C:\WINDOWS\SYSTEM32;C:\WINDOWS\WinSxS\amd64_microsoft.windows.common-controls_6595b64144ccf1df_6.0.19041.1110_none_60b5254171f9507e;C:\Program Files\Android\Android Studio\jre\bin\server;C:\Users\ASUS\.gradle\native\e1d6ef7f7dcc3fd88c89a11ec53ec762bb8ba0a96d01ffa2cd45eb1d1d8dd5c5\windows-amd64;C:\Users\ASUS\.gradle\native\5664cfc778a61ccfe75a443a1ab52a65af34e5dc3c78e0209fed803814484fcb\windows-amd64;C:\Users\ASUS\AppData\Local\Temp\native-platform14811597712421486617dir

VM Arguments:
jvm_args: --add-opens=java.base/java.util=ALL-UNNAMED --add-opens=java.base/java.lang=ALL-UNNAMED --add-opens=java.base/java.lang.invoke=ALL-UNNAMED --add-opens=java.base/java.util=ALL-UNNAMED --add-opens=java.prefs/java.util.prefs=ALL-UNNAMED --add-opens=java.prefs/java.util.prefs=ALL-UNNAMED --add-opens=java.base/java.nio.charset=ALL-UNNAMED --add-opens=java.base/java.net=ALL-UNNAMED --add-opens=java.base/java.util.concurrent.atomic=ALL-UNNAMED -Xmx2048m -Dfile.encoding=UTF-8 -Duser.country=US -Duser.language=en -Duser.variant 
java_command: org.gradle.launcher.daemon.bootstrap.GradleDaemon 7.2
java_class_path (initial): C:\Users\ASUS\.gradle\wrapper\dists\gradle-7.2-bin\2dnblmf4td7x66yl1d74lt32g\gradle-7.2\lib\gradle-launcher-7.2.jar
Launcher Type: SUN_STANDARD

[Global flags]
     intx CICompilerCount                          = 4                                         {product} {ergonomic}
     uint ConcGCThreads                            = 2                                         {product} {ergonomic}
     uint G1ConcRefinementThreads                  = 8                                         {product} {ergonomic}
   size_t G1HeapRegionSize                         = 1048576                                   {product} {ergonomic}
    uintx GCDrainStackTargetSize                   = 64                                        {product} {ergonomic}
   size_t InitialHeapSize                          = 268435456                                 {product} {ergonomic}
   size_t MarkStackSize                            = 4194304                                   {product} {ergonomic}
   size_t MaxHeapSize                              = 2147483648                                {product} {command line}
   size_t MaxNewSize                               = 1287651328                                {product} {ergonomic}
   size_t MinHeapDeltaBytes                        = 1048576                                   {product} {ergonomic}
    uintx NonNMethodCodeHeapSize                   = 5836300                                {pd product} {ergonomic}
    uintx NonProfiledCodeHeapSize                  = 122910970                              {pd product} {ergonomic}
    uintx ProfiledCodeHeapSize                     = 122910970                              {pd product} {ergonomic}
    uintx ReservedCodeCacheSize                    = 251658240                              {pd product} {ergonomic}
     bool SegmentedCodeCache                       = true                                      {product} {ergonomic}
     bool UseCompressedClassPointers               = true                                 {lp64_product} {ergonomic}
     bool UseCompressedOops                        = true                                 {lp64_product} {ergonomic}
     bool UseG1GC                                  = true                                      {product} {ergonomic}
     bool UseLargePagesIndividualAllocation        = false                                  {pd product} {ergonomic}

Logging:
Log output configuration:
 #0: stdout all=warning uptime,level,tags
 #1: stderr all=off uptime,level,tags

Environment Variables:
JAVA_HOME=C:\Program Files\Zulu\zulu-8
CLASSPATH=C:\Program Files\Java\jdk-14.0.2\bin\*.jar
PATH=C:\Program Files\Zulu\zulu-8\bin\;C:\Program Files (x86)\Common Files\Intel\Shared Libraries\redist\intel64\compiler;C:\Program Files (x86)\Common Files\Oracle\Java\javapath;C:\ProgramData\Oracle\Java\javapath;C:\Program Files (x86)\Intel\iCLS Client\;C:\Program Files\Intel\iCLS Client\;C:\Windows\system32;C:\Windows;C:\Windows\System32\Wbem;C:\Windows\System32\WindowsPowerShell\v1.0\;C:\Program Files (x86)\NVIDIA Corporation\PhysX\Common;C:\Program Files (x86)\Intel\Intel(R) Management Engine Components\DAL;C:\Program Files\Intel\Intel(R) Management Engine Components\DAL;C:\Program Files (x86)\Intel\Intel(R) Management Engine Components\IPT;C:\Program Files\Intel\Intel(R) Management Engine Components\IPT;C:\Program Files\Intel\WiFi\bin\;C:\Program Files\Common Files\Intel\WirelessCommon\;C:\WINDOWS\system32;C:\WINDOWS;C:\WINDOWS\System32\Wbem;C:\WINDOWS\System32\WindowsPowerShell\v1.0\;C:\WINDOWS\System32\OpenSSH\;C:\Program Files\Microsoft SQL Server\Client SDK\ODBC\170\Tools\Binn\;C:\Program Files (x86)\Microsoft SQL Server\150\Tools\Binn\;C:\Program Files\Microsoft SQL Server\150\Tools\Binn\;C:\Program Files\Microsoft SQL Server\150\DTS\Binn\;C:\Program Files\Java\jdk-14.0.2\bin;C:\Users\ASUS\AppData\Roaming\Python\Python39\Scripts;C:\Program Files\NVIDIA Corporation\NVIDIA NvDLISR;C:\WINDOWS\system32;C:\WINDOWS;C:\WINDOWS\System32\Wbem;C:\WINDOWS\System32\WindowsPowerShell\v1.0\;C:\WINDOWS\System32\OpenSSH\;C:\Program Files\Gradle\gradle-7.4\bin;C:\Users\ASUS\AppData\Local\Programs\Python\Python39\Scripts\;C:\Users\ASUS\AppData\Local\Programs\Python\Python39\;C:\Users\ASUS\AppData\Local\Microsoft\WindowsApps;C:\Program Files\JetBrains\IntelliJ IDEA Community Edition 2020.2.2\bin;C:\Users\ASUS\AppData\Local\Programs\Microsoft VS Code\bin;C:\Users\ASUS\AppData\Local\Microsoft\WindowsApps;C:\Users\ASUS\AppData\Local\GitHubDesktop\bin
USERNAME=ASUS
OS=Windows_NT
PROCESSOR_IDENTIFIER=Intel64 Family 6 Model 158 Stepping 9, GenuineIntel



---------------  S Y S T E M  ---------------

OS: Windows 10 , 64 bit Build 19041 (10.0.19041.1466)
OS uptime: 1 days 21:44 hours

CPU:total 8 (initial active 8) (4 cores per cpu, 2 threads per core) family 6 model 158 stepping 9 microcode 0xb4, cmov, cx8, fxsr, mmx, sse, sse2, sse3, ssse3, sse4.1, sse4.2, popcnt, avx, avx2, aes, clmul, erms, 3dnowpref, lzcnt, ht, tsc, tscinvbit, bmi1, bmi2, adx, fma

Memory: 4k page, system-wide physical 16267M (1734M free)
TotalPageFile size 45942M (AvailPageFile size 5M)
current process WorkingSet (physical memory assigned to process): 615M, peak: 618M
current process commit charge ("private bytes"): 656M, peak: 658M

vm_info: OpenJDK 64-Bit Server VM (11.0.11+9-b60-7590822) for windows-amd64 JRE (11.0.11+9-b60-7590822), built on Jul 29 2021 21:43:44 by "builder" with MS VC++ 14.0 (VS2015)

END.
